<?xml version="1.0" encoding="UTF-8"?>
<testsuite name="Sanity limpieza y aprovisionamiento de recursos" tests="2" skipped="0" failures="0" errors="0" timestamp="2022-03-01T16:05:26" hostname="22LAP5CD1195R94" time="60.913">
  <properties/>
  <testcase name="se requiere realizar la suspension de una linea" classname="Sanity limpieza y aprovisionamiento de recursos" time="31.176"/>
  <testcase name="se requiere realizar la reconexion de una linea" classname="Sanity limpieza y aprovisionamiento de recursos" time="29.734"/>
  <system-out><![CDATA[11:05:27.060 [Test worker] INFO net.serenitybdd.core.webdriver.driverproviders.ProvideNewDriver - Instantiating driver
11:05:27.060 [Test worker] INFO net.serenitybdd.core.webdriver.driverproviders.ProvideNewDriver - Driver capabilities: Capabilities {acceptInsecureCerts: true, browserName: firefox, firefox_profile: org.openqa.selenium.firefox..., headless: false, loggingPrefs: org.openqa.selenium.logging..., marionette: true, moz:firefoxOptions: {}, platform: ANY, version: }
11:05:30.926 [Test worker] DEBUG net.serenitybdd.core.photography.Darkroom - Opening darkroom
11:05:30.927 [Darkroom Processing Line] DEBUG net.serenitybdd.core.photography.DarkroomProcessingLine - Darkroom processing line starting up
11:05:31.044 [Test worker] DEBUG net.serenitybdd.core.photography.Darkroom - Send negative for processing for C:\SanitySemilla4\target\site\serenity\505e6849a59f23caa50316930ba0fe99aae7daaf3ede0ae10996fa27772f375a.png
11:05:31.417 [Test worker] DEBUG net.serenitybdd.core.photography.Darkroom - Send negative for processing for C:\SanitySemilla4\target\site\serenity\560b47e9bdb8e6dab7dab102bf305b29920e56c82a8683e0cf7c7940b0c2e543.png
11:05:33.063 [Test worker] DEBUG net.serenitybdd.core.photography.Darkroom - Send negative for processing for C:\SanitySemilla4\target\site\serenity\eb5662727f933fd0a4acd45e9af08ec62cba17041b7b3bf67bbf1c84f5d1374f.png
11:05:33.841 [Test worker] DEBUG net.serenitybdd.core.photography.Darkroom - Send negative for processing for C:\SanitySemilla4\target\site\serenity\eb5662727f933fd0a4acd45e9af08ec62cba17041b7b3bf67bbf1c84f5d1374f.png
11:05:34.327 [Test worker] DEBUG net.serenitybdd.core.photography.Darkroom - Send negative for processing for C:\SanitySemilla4\target\site\serenity\f3b0d780d740b9989b91d00b48da3112035ab3b9c0edbd752d5af3d12f9489eb.png
11:05:34.840 [Test worker] DEBUG net.serenitybdd.core.photography.Darkroom - Send negative for processing for C:\SanitySemilla4\target\site\serenity\d203a05058006de6fa84a0ad4914936dbd3378125fdc0c23eca2613a10c74ba7.png
11:05:35.400 [Test worker] DEBUG net.serenitybdd.core.photography.Darkroom - Send negative for processing for C:\SanitySemilla4\target\site\serenity\43b395b0387d7b99cc064c0ec6003bbb5d15a6d7dc909e0a258f575c31970d32.png
11:05:36.008 [Test worker] DEBUG net.serenitybdd.core.photography.Darkroom - Send negative for processing for C:\SanitySemilla4\target\site\serenity\1e801cecd4a2eebb31cb8f07d6a023e0820e607d56dcf28a75468b18d64f6939.png
11:05:36.544 [Test worker] DEBUG net.serenitybdd.core.photography.Darkroom - Send negative for processing for C:\SanitySemilla4\target\site\serenity\531f762241143646e207de78bb07d0cb912eb85441f28d4abc28f34c562b6a12.png
11:05:37.751 [Test worker] DEBUG net.serenitybdd.core.photography.Darkroom - Send negative for processing for C:\SanitySemilla4\target\site\serenity\e2d1b169300f1c28e557c84200e0bb6bccf4e714b972fd5c2e68ec54cc4ba724.png
11:05:39.486 [Test worker] DEBUG net.serenitybdd.core.photography.Darkroom - Send negative for processing for C:\SanitySemilla4\target\site\serenity\5eb4d1707a2d129e0f8b8afe49dd9ae9b26860221314e5df815dd5e3032e9a9e.png
11:05:40.071 [Test worker] DEBUG net.serenitybdd.core.photography.Darkroom - Send negative for processing for C:\SanitySemilla4\target\site\serenity\1aeb8331301f86700fdfa485a5260f5fd83f9f12ad0b6c2a752a2a663701d879.png
11:05:41.415 [Test worker] DEBUG net.serenitybdd.core.photography.Darkroom - Send negative for processing for C:\SanitySemilla4\target\site\serenity\2e2e0e8d909207ca623678354a1f05b0c33439cdc4659d6371cb8be090f36cd8.png
11:05:41.965 [Test worker] DEBUG net.serenitybdd.core.photography.Darkroom - Send negative for processing for C:\SanitySemilla4\target\site\serenity\6259baf031afa641c097c5e867cfe2354263a535ce21743ee44c91c2c4154617.png
11:05:42.539 [Test worker] DEBUG net.serenitybdd.core.photography.Darkroom - Send negative for processing for C:\SanitySemilla4\target\site\serenity\6f848dce237ba6aa59581d8d6d3e38bae4e95f5effe75c8fb4404fb7edc88f8e.png
11:05:43.083 [Test worker] DEBUG net.serenitybdd.core.photography.Darkroom - Send negative for processing for C:\SanitySemilla4\target\site\serenity\853ed41699a025ecaa50200605322f2ee3ed1679f6918020c2d64dd2ddd08a96.png
11:05:43.914 [Test worker] DEBUG net.serenitybdd.core.photography.Darkroom - Send negative for processing for C:\SanitySemilla4\target\site\serenity\e7113999631ab05501aadd35464e35a0cc9c551ba49b372110314c4a97bc3661.png
11:05:45.877 [Test worker] DEBUG net.serenitybdd.core.photography.Darkroom - Send negative for processing for C:\SanitySemilla4\target\site\serenity\d11253eb1a1edf55ab8dbe233f5bb65455a01123bf9fbcb99e2bd746f702ef4d.png
11:05:45.879 [Darkroom Processing Line] DEBUG net.serenitybdd.core.photography.DarkroomProcessingLine - Processing screenshot image in /var/screenshots/screenshot-7362735969364709017
11:05:45.879 [Darkroom Processing Line] DEBUG net.serenitybdd.core.photography.DarkroomProcessingLine - Saving screenshot to C:\SanitySemilla4\target\site\serenity\d11253eb1a1edf55ab8dbe233f5bb65455a01123bf9fbcb99e2bd746f702ef4d.png
Esta seguro de modificar el subscriptor?
11:05:49.567 [Test worker] DEBUG net.serenitybdd.core.photography.Darkroom - Send negative for processing for C:\SanitySemilla4\target\site\serenity\5a2db4a9cfc758d17e6a397bda371a81b1a55bb4146ce9d728dbb1d02c67b97f.png
11:05:49.567 [Darkroom Processing Line] DEBUG net.serenitybdd.core.photography.DarkroomProcessingLine - Processing screenshot image in /var/screenshots/screenshot-6746552970782909571
11:05:49.567 [Darkroom Processing Line] DEBUG net.serenitybdd.core.photography.DarkroomProcessingLine - Saving screenshot to C:\SanitySemilla4\target\site\serenity\5a2db4a9cfc758d17e6a397bda371a81b1a55bb4146ce9d728dbb1d02c67b97f.png
11:05:50.502 [Test worker] DEBUG net.serenitybdd.core.photography.Darkroom - Send negative for processing for C:\SanitySemilla4\target\site\serenity\f7721e4d37cf9cbe4c26a40ced5d9e726010028f6757550eed2d7da44c59819a.png
aca
aca
11:05:50.998 [Test worker] DEBUG net.serenitybdd.core.photography.Darkroom - Send negative for processing for C:\SanitySemilla4\target\site\serenity\3b536238765fab6e3eb643362a5828536a06654aa7f8369a10a23f737041cf6a.png
11:05:51.569 [Test worker] DEBUG net.serenitybdd.core.photography.Darkroom - Send negative for processing for C:\SanitySemilla4\target\site\serenity\dd1562a4c418740098d9c0be1c603c2fb1e35b8e1b7e770266d101b2fc30077c.png
11:05:52.698 [Test worker] DEBUG net.serenitybdd.core.photography.Darkroom - Send negative for processing for C:\SanitySemilla4\target\site\serenity\a1b48be46af4162fd1315a1d2454a47f14c4960d674cc4c6000231b6f3bea25d.png
11:05:54.605 [Test worker] DEBUG net.serenitybdd.core.photography.Darkroom - Send negative for processing for C:\SanitySemilla4\target\site\serenity\fed44cef27e3dc51c07d19c170bd4e547c01bdd040d93f5afc66ecfe09bbfb3b.png
11:05:55.224 [Test worker] DEBUG net.serenitybdd.core.photography.Darkroom - Send negative for processing for C:\SanitySemilla4\target\site\serenity\8ed8babfcfefe60e1cf18b7b95b6410a4aed8ce36690719c48d38cd036fad17f.png
11:05:57.352 [Test worker] INFO net.thucydides.core.steps.ConsoleLoggingListener - ?[92m
        __    _____ _____ ____ _____   ____   _    ____  ____  _____ ____  
  _     \ \  |_   _| ____/ ___|_   _| |  _ \ / \  / ___|/ ___|| ____|  _ \ 
 (_)_____| |   | | |  _| \___ \ | |   | |_) / _ \ \___ \\___ \|  _| | | | |
  _|_____| |   | | | |___ ___) || |   |  __/ ___ \ ___) |___) | |___| |_| |
 (_)     | |   |_| |_____|____/ |_|   |_| /_/   \_\____/|____/|_____|____/ 
        /_/                                                                

TEST PASSED: se requiere realizar la suspension de una linea
----------------------------------------------------------------------------?[0m
11:05:57.528 [Test worker] INFO net.serenitybdd.core.webdriver.driverproviders.ProvideNewDriver - Instantiating driver
11:05:57.528 [Test worker] INFO net.serenitybdd.core.webdriver.driverproviders.ProvideNewDriver - Driver capabilities: Capabilities {acceptInsecureCerts: true, browserName: firefox, firefox_profile: org.openqa.selenium.firefox..., headless: false, loggingPrefs: org.openqa.selenium.logging..., marionette: true, moz:firefoxOptions: {}, platform: ANY, version: }
11:06:01.198 [Test worker] DEBUG net.serenitybdd.core.photography.Darkroom - Send negative for processing for C:\SanitySemilla4\target\site\serenity\505e6849a59f23caa50316930ba0fe99aae7daaf3ede0ae10996fa27772f375a.png
11:06:01.558 [Test worker] DEBUG net.serenitybdd.core.photography.Darkroom - Send negative for processing for C:\SanitySemilla4\target\site\serenity\560b47e9bdb8e6dab7dab102bf305b29920e56c82a8683e0cf7c7940b0c2e543.png
11:06:03.164 [Test worker] DEBUG net.serenitybdd.core.photography.Darkroom - Send negative for processing for C:\SanitySemilla4\target\site\serenity\eb5662727f933fd0a4acd45e9af08ec62cba17041b7b3bf67bbf1c84f5d1374f.png
11:06:03.864 [Test worker] DEBUG net.serenitybdd.core.photography.Darkroom - Send negative for processing for C:\SanitySemilla4\target\site\serenity\eb5662727f933fd0a4acd45e9af08ec62cba17041b7b3bf67bbf1c84f5d1374f.png
11:06:04.363 [Test worker] DEBUG net.serenitybdd.core.photography.Darkroom - Send negative for processing for C:\SanitySemilla4\target\site\serenity\f3b0d780d740b9989b91d00b48da3112035ab3b9c0edbd752d5af3d12f9489eb.png
11:06:04.878 [Test worker] DEBUG net.serenitybdd.core.photography.Darkroom - Send negative for processing for C:\SanitySemilla4\target\site\serenity\d203a05058006de6fa84a0ad4914936dbd3378125fdc0c23eca2613a10c74ba7.png
11:06:05.409 [Test worker] DEBUG net.serenitybdd.core.photography.Darkroom - Send negative for processing for C:\SanitySemilla4\target\site\serenity\43b395b0387d7b99cc064c0ec6003bbb5d15a6d7dc909e0a258f575c31970d32.png
11:06:05.977 [Test worker] DEBUG net.serenitybdd.core.photography.Darkroom - Send negative for processing for C:\SanitySemilla4\target\site\serenity\1e801cecd4a2eebb31cb8f07d6a023e0820e607d56dcf28a75468b18d64f6939.png
11:06:06.596 [Test worker] DEBUG net.serenitybdd.core.photography.Darkroom - Send negative for processing for C:\SanitySemilla4\target\site\serenity\531f762241143646e207de78bb07d0cb912eb85441f28d4abc28f34c562b6a12.png
11:06:07.743 [Test worker] DEBUG net.serenitybdd.core.photography.Darkroom - Send negative for processing for C:\SanitySemilla4\target\site\serenity\668ed5313fcf7f31f561d1a4c248f6229131a2ff630f26209c12ac6b6990b50a.png
11:06:09.612 [Test worker] DEBUG net.serenitybdd.core.photography.Darkroom - Send negative for processing for C:\SanitySemilla4\target\site\serenity\f3cba79b65a88a1905960f86a0aa115ea1f8c80f18902e52baa54ea1cdd35576.png
11:06:10.239 [Test worker] DEBUG net.serenitybdd.core.photography.Darkroom - Send negative for processing for C:\SanitySemilla4\target\site\serenity\1aeb8331301f86700fdfa485a5260f5fd83f9f12ad0b6c2a752a2a663701d879.png
11:06:11.403 [Test worker] DEBUG net.serenitybdd.core.photography.Darkroom - Send negative for processing for C:\SanitySemilla4\target\site\serenity\2e2e0e8d909207ca623678354a1f05b0c33439cdc4659d6371cb8be090f36cd8.png
11:06:12.045 [Test worker] DEBUG net.serenitybdd.core.photography.Darkroom - Send negative for processing for C:\SanitySemilla4\target\site\serenity\6259baf031afa641c097c5e867cfe2354263a535ce21743ee44c91c2c4154617.png
11:06:12.627 [Test worker] DEBUG net.serenitybdd.core.photography.Darkroom - Send negative for processing for C:\SanitySemilla4\target\site\serenity\6f848dce237ba6aa59581d8d6d3e38bae4e95f5effe75c8fb4404fb7edc88f8e.png
11:06:13.187 [Test worker] DEBUG net.serenitybdd.core.photography.Darkroom - Send negative for processing for C:\SanitySemilla4\target\site\serenity\853ed41699a025ecaa50200605322f2ee3ed1679f6918020c2d64dd2ddd08a96.png
11:06:13.991 [Test worker] DEBUG net.serenitybdd.core.photography.Darkroom - Send negative for processing for C:\SanitySemilla4\target\site\serenity\e7113999631ab05501aadd35464e35a0cc9c551ba49b372110314c4a97bc3661.png
11:06:15.867 [Test worker] DEBUG net.serenitybdd.core.photography.Darkroom - Send negative for processing for C:\SanitySemilla4\target\site\serenity\984778c65538498a243d4791fd9cf94aa1fcce146dd4ced007abef1c64c41627.png
11:06:15.868 [Darkroom Processing Line] DEBUG net.serenitybdd.core.photography.DarkroomProcessingLine - Processing screenshot image in /var/screenshots/screenshot-5343440900218676330
11:06:15.868 [Darkroom Processing Line] DEBUG net.serenitybdd.core.photography.DarkroomProcessingLine - Saving screenshot to C:\SanitySemilla4\target\site\serenity\984778c65538498a243d4791fd9cf94aa1fcce146dd4ced007abef1c64c41627.png
11:06:19.454 [Test worker] DEBUG net.serenitybdd.core.photography.Darkroom - Send negative for processing for C:\SanitySemilla4\target\site\serenity\a02900e302ac4bb4d9524e59bc8c2f74a857fce590057a3e03dcb312cd0c7a95.png
11:06:19.455 [Darkroom Processing Line] DEBUG net.serenitybdd.core.photography.DarkroomProcessingLine - Processing screenshot image in /var/screenshots/screenshot-9015768295605924537
11:06:19.455 [Darkroom Processing Line] DEBUG net.serenitybdd.core.photography.DarkroomProcessingLine - Saving screenshot to C:\SanitySemilla4\target\site\serenity\a02900e302ac4bb4d9524e59bc8c2f74a857fce590057a3e03dcb312cd0c7a95.png
11:06:20.322 [Test worker] DEBUG net.serenitybdd.core.photography.Darkroom - Send negative for processing for C:\SanitySemilla4\target\site\serenity\f7721e4d37cf9cbe4c26a40ced5d9e726010028f6757550eed2d7da44c59819a.png
aca
aca
11:06:20.824 [Test worker] DEBUG net.serenitybdd.core.photography.Darkroom - Send negative for processing for C:\SanitySemilla4\target\site\serenity\3b536238765fab6e3eb643362a5828536a06654aa7f8369a10a23f737041cf6a.png
11:06:21.394 [Test worker] DEBUG net.serenitybdd.core.photography.Darkroom - Send negative for processing for C:\SanitySemilla4\target\site\serenity\dd1562a4c418740098d9c0be1c603c2fb1e35b8e1b7e770266d101b2fc30077c.png
11:06:22.504 [Test worker] DEBUG net.serenitybdd.core.photography.Darkroom - Send negative for processing for C:\SanitySemilla4\target\site\serenity\3df76de83c1741ea5a42aec2720f29aaa33015caccabd8219f69dd811b3988af.png
11:06:24.339 [Test worker] DEBUG net.serenitybdd.core.photography.Darkroom - Send negative for processing for C:\SanitySemilla4\target\site\serenity\63d4197d98c838de636df6eab82660d2d368c25f2b53880c5d56fbbdfce10ffb.png
11:06:24.946 [Test worker] DEBUG net.serenitybdd.core.photography.Darkroom - Send negative for processing for C:\SanitySemilla4\target\site\serenity\8ed8babfcfefe60e1cf18b7b95b6410a4aed8ce36690719c48d38cd036fad17f.png
11:06:27.090 [Test worker] INFO net.thucydides.core.steps.ConsoleLoggingListener - ?[92m
        __    _____ _____ ____ _____   ____   _    ____  ____  _____ ____  
  _     \ \  |_   _| ____/ ___|_   _| |  _ \ / \  / ___|/ ___|| ____|  _ \ 
 (_)_____| |   | | |  _| \___ \ | |   | |_) / _ \ \___ \\___ \|  _| | | | |
  _|_____| |   | | | |___ ___) || |   |  __/ ___ \ ___) |___) | |___| |_| |
 (_)     | |   |_| |_____|____/ |_|   |_| /_/   \_\____/|____/|_____|____/ 
        /_/                                                                

TEST PASSED: se requiere realizar la reconexion de una linea
----------------------------------------------------------------------------?[0m
]]></system-out>
  <system-err><![CDATA[mar 01, 2022 11:05:26 AM org.openqa.selenium.remote.DesiredCapabilities firefox
INFORMACIÓN: Using `new FirefoxOptions()` is preferred to `DesiredCapabilities.firefox()`
mar 01, 2022 11:05:26 AM org.openqa.selenium.remote.DesiredCapabilities firefox
INFORMACIÓN: Using `new FirefoxOptions()` is preferred to `DesiredCapabilities.firefox()`
1646150727603	geckodriver	INFO	Listening on 127.0.0.1:12448
1646150728225	mozrunner::runner	INFO	Running command: "C:\\Program Files\\Mozilla Firefox\\firefox.exe" "--marionette" "-foreground" "-no-remote" "-profile" "C:\\Users\\PROJEC~1\\AppData\\Local\\Temp\\rust_mozprofileaxTbZZ"
1646150728593	addons.webextension.doh-rollout@mozilla.org	WARN	Loading extension 'doh-rollout@mozilla.org': Reading manifest: Invalid extension permission: networkStatus
1646150728612	addons.webextension.screenshots@mozilla.org	WARN	Loading extension 'screenshots@mozilla.org': Reading manifest: Invalid extension permission: mozillaAddons
1646150728612	addons.webextension.screenshots@mozilla.org	WARN	Loading extension 'screenshots@mozilla.org': Reading manifest: Invalid extension permission: telemetry
1646150728612	addons.webextension.screenshots@mozilla.org	WARN	Loading extension 'screenshots@mozilla.org': Reading manifest: Invalid extension permission: resource://pdf.js/
1646150728612	addons.webextension.screenshots@mozilla.org	WARN	Loading extension 'screenshots@mozilla.org': Reading manifest: Invalid extension permission: about:reader*
JavaScript error: resource://gre/modules/XULStore.jsm, line 66: Error: Can't find profile directory.
1646150729701	Marionette	INFO	Listening on port 61329
1646150729990	Marionette	WARN	TLS certificate errors will be ignored for this session
mar 01, 2022 11:05:30 AM org.openqa.selenium.remote.ProtocolHandshake createSession
INFORMACIÓN: Detected dialect: W3C
JavaScript error: http://10.69.60.85:8280/portal/scripts/3.8.16.Final-redhat-1/SHARED/bootstrap-min.js, line 7: Error: Script error for: SHARED/base
http://requirejs.org/docs/errors.html#scripterror
JavaScript error: http://10.69.60.85:8280/portal/scripts/3.8.16.Final-redhat-1/SHARED/bootstrap-min.js, line 7: Error: Script error for: SHARED/jquery
http://requirejs.org/docs/errors.html#scripterror
JavaScript error: http://10.69.60.85:8280/portal/scripts/3.8.16.Final-redhat-1/SHARED/bootstrap-min.js, line 7: Error: Script error for: SHARED/navigation
http://requirejs.org/docs/errors.html#scripterror
JavaScript warning: http://10.69.60.85:8280/portal/CRMPortal/Consultas?portal:windowState=normal&portal:componentId=gtnc323725e-6efe-4037-9f93-1bc06edfa941&portal:resourceID=/org.rf.res/org/richfaces/ui.pack.js&portal:cacheLevel=PAGE&portal:type=resource&portal:portletMode=view, line 10431: unreachable code after return statement
JavaScript warning: http://10.69.60.85:8280/portal/CRMPortal/Consultas?portal:windowState=normal&portal:componentId=gtnc323725e-6efe-4037-9f93-1bc06edfa941&portal:resourceID=/org.rf.res/org/richfaces/ui.pack.js&portal:cacheLevel=PAGE&portal:type=resource&portal:portletMode=view, line 10431: unreachable code after return statement
JavaScript error: http://10.69.60.85:8280/portal/CRMPortal/Consultas, line 1: ReferenceError: setIframeListeners is not defined
JavaScript warning: http://10.69.60.85:8280/portal/CRMPortal/Consultas?portal:windowState=normal&portal:componentId=gtnc323725e-6efe-4037-9f93-1bc06edfa941&portal:resourceID=/org.rf.res/org/richfaces/ui.pack.js&portal:cacheLevel=PAGE&portal:type=resource&portal:portletMode=view, line 10431: unreachable code after return statement
JavaScript warning: http://10.69.60.85:8280/portal/CRMPortal/Consultas?portal:windowState=normal&portal:componentId=gtnc323725e-6efe-4037-9f93-1bc06edfa941&portal:resourceID=/org.rf.res/org/richfaces/ui.pack.js&portal:cacheLevel=PAGE&portal:type=resource&portal:portletMode=view, line 10431: unreachable code after return statement
JavaScript error: http://10.69.60.85:8280/portal/CRMPortal/Consultas, line 1: ReferenceError: setIframeListeners is not defined
JavaScript error: http://10.69.60.85:8280/portal/CRMPortal/Consultas, line 1: ReferenceError: setIframeListeners is not defined
JavaScript warning: http://10.69.60.85:8280/portal/CRMPortal/Postventa?portal:windowState=normal&portal:componentId=gtnf5a1f4f3-5ecc-4e4a-8654-6459a01c3953&portal:resourceID=/org.rf.res/org/richfaces/ui.pack.js&portal:cacheLevel=PAGE&portal:type=resource&portal:portletMode=view, line 10431: unreachable code after return statement
JavaScript warning: http://10.69.60.85:8280/portal/CRMPortal/Postventa?portal:windowState=normal&portal:componentId=gtnf5a1f4f3-5ecc-4e4a-8654-6459a01c3953&portal:resourceID=/org.rf.res/org/richfaces/ui.pack.js&portal:cacheLevel=PAGE&portal:type=resource&portal:portletMode=view, line 10431: unreachable code after return statement
JavaScript error: http://10.69.60.85:8280/portal/CRMPortal/Postventa, line 1: ReferenceError: setIframeListeners is not defined
JavaScript warning: http://10.69.60.83:8280/PostSale/a4j/g/3_3_3.Final/org/ajax4jsf/framework.pack.js.page, line 5514: unreachable code after return statement
JavaScript warning: http://10.69.60.83:8280/PostSale/a4j/g/3_3_3.Final/org/richfaces/ui.pack.js.page, line 12786: unreachable code after return statement
JavaScript warning: http://10.69.60.83:8280/PostSale/a4j/g/3_3_3.Final/org/richfaces/ui.pack.js.page, line 12786: unreachable code after return statement
JavaScript error: http://10.69.60.85:8280/portal/CRMPortal/Postventa, line 1: ReferenceError: setIframeListeners is not defined
JavaScript error: http://10.69.60.83:8280/PostSale/view/services.page?token=emIcwTDw4%2FQmwTnli5T%2F94x9cWAF%2FQLw0JjhWAKSvPhVvgtf5yKS49stnfwXY3LAIdvsmEj%2BQveWO8iOb16a%2Fw%3D%3D, line 31: TypeError: document.getElementById(...) is null
JavaScript warning: http://10.69.60.85:8280/portal/CRMPortal/Consultas?portal:windowState=normal&portal:componentId=gtnc323725e-6efe-4037-9f93-1bc06edfa941&portal:resourceID=/org.rf.res/org/richfaces/ui.pack.js&portal:cacheLevel=PAGE&portal:type=resource&portal:portletMode=view, line 10431: unreachable code after return statement
JavaScript warning: http://10.69.60.85:8280/portal/CRMPortal/Consultas?portal:windowState=normal&portal:componentId=gtnc323725e-6efe-4037-9f93-1bc06edfa941&portal:resourceID=/org.rf.res/org/richfaces/ui.pack.js&portal:cacheLevel=PAGE&portal:type=resource&portal:portletMode=view, line 10431: unreachable code after return statement
JavaScript error: http://10.69.60.85:8280/portal/CRMPortal/Consultas, line 1: ReferenceError: setIframeListeners is not defined
1646150755437	Marionette	INFO	Stopped listening on port 61329
Extension error: [Exception... "Component not initialized"  nsresult: "0xc1f30001 (NS_ERROR_NOT_INITIALIZED)"  location: "JS frame :: moz-extension://0a31966a-645e-4e70-965b-9938c3c1b3df/main.js :: connect :: line 12066"  data: no] undefined 12066
[[Exception stack
connect@moz-extension://0a31966a-645e-4e70-965b-9938c3c1b3df/main.js:12066:23
onPortDisconnected@moz-extension://0a31966a-645e-4e70-965b-9938c3c1b3df/main.js:20316:30
makeConnection/channel<@moz-extension://0a31966a-645e-4e70-965b-9938c3c1b3df/main.js:20289:136
handleDisconnect@moz-extension://0a31966a-645e-4e70-965b-9938c3c1b3df/main.js:12172:14
connect/</<@moz-extension://0a31966a-645e-4e70-965b-9938c3c1b3df/main.js:12052:63
Current stack
applySafeWithoutClone@resource://gre/modules/ExtensionCommon.jsm:606:13
addListener/asyncWithoutClone/<@resource://gre/modules/ExtensionCommon.jsm:2443:39
]]

###!!! [Child][RunMessage] Error: Channel closing: too late to send/recv, messages will be lost


###!!! [Child][MessageChannel::SendAndWait] Error: Channel error: cannot send/recv

mar 01, 2022 11:05:57 AM org.openqa.selenium.remote.DesiredCapabilities firefox
INFORMACIÓN: Using `new FirefoxOptions()` is preferred to `DesiredCapabilities.firefox()`
mar 01, 2022 11:05:57 AM org.openqa.selenium.remote.DesiredCapabilities firefox
INFORMACIÓN: Using `new FirefoxOptions()` is preferred to `DesiredCapabilities.firefox()`
1646150757586	geckodriver	INFO	Listening on 127.0.0.1:27315
1646150758135	mozrunner::runner	INFO	Running command: "C:\\Program Files\\Mozilla Firefox\\firefox.exe" "--marionette" "-foreground" "-no-remote" "-profile" "C:\\Users\\PROJEC~1\\AppData\\Local\\Temp\\rust_mozprofileIvyhDW"
1646150758496	addons.webextension.doh-rollout@mozilla.org	WARN	Loading extension 'doh-rollout@mozilla.org': Reading manifest: Invalid extension permission: networkStatus
1646150758515	addons.webextension.screenshots@mozilla.org	WARN	Loading extension 'screenshots@mozilla.org': Reading manifest: Invalid extension permission: mozillaAddons
1646150758515	addons.webextension.screenshots@mozilla.org	WARN	Loading extension 'screenshots@mozilla.org': Reading manifest: Invalid extension permission: telemetry
1646150758515	addons.webextension.screenshots@mozilla.org	WARN	Loading extension 'screenshots@mozilla.org': Reading manifest: Invalid extension permission: resource://pdf.js/
1646150758515	addons.webextension.screenshots@mozilla.org	WARN	Loading extension 'screenshots@mozilla.org': Reading manifest: Invalid extension permission: about:reader*
JavaScript error: resource://gre/modules/XULStore.jsm, line 66: Error: Can't find profile directory.
1646150759867	Marionette	INFO	Listening on port 61378
1646150760203	Marionette	WARN	TLS certificate errors will be ignored for this session
mar 01, 2022 11:06:00 AM org.openqa.selenium.remote.ProtocolHandshake createSession
INFORMACIÓN: Detected dialect: W3C
JavaScript error: http://10.69.60.85:8280/portal/scripts/3.8.16.Final-redhat-1/SHARED/bootstrap-min.js, line 7: Error: Script error for: SHARED/jquery
http://requirejs.org/docs/errors.html#scripterror
JavaScript error: http://10.69.60.85:8280/portal/scripts/3.8.16.Final-redhat-1/SHARED/bootstrap-min.js, line 7: Error: Script error for: SHARED/base
http://requirejs.org/docs/errors.html#scripterror
JavaScript error: http://10.69.60.85:8280/portal/scripts/3.8.16.Final-redhat-1/SHARED/bootstrap-min.js, line 7: Error: Script error for: SHARED/navigation
http://requirejs.org/docs/errors.html#scripterror
JavaScript warning: http://10.69.60.85:8280/portal/CRMPortal/Consultas?portal:windowState=normal&portal:componentId=gtnc323725e-6efe-4037-9f93-1bc06edfa941&portal:resourceID=/org.rf.res/org/richfaces/ui.pack.js&portal:cacheLevel=PAGE&portal:type=resource&portal:portletMode=view, line 10431: unreachable code after return statement
JavaScript warning: http://10.69.60.85:8280/portal/CRMPortal/Consultas?portal:windowState=normal&portal:componentId=gtnc323725e-6efe-4037-9f93-1bc06edfa941&portal:resourceID=/org.rf.res/org/richfaces/ui.pack.js&portal:cacheLevel=PAGE&portal:type=resource&portal:portletMode=view, line 10431: unreachable code after return statement
JavaScript error: http://10.69.60.85:8280/portal/CRMPortal/Consultas, line 1: ReferenceError: setIframeListeners is not defined
JavaScript warning: http://10.69.60.85:8280/portal/CRMPortal/Consultas?portal:windowState=normal&portal:componentId=gtnc323725e-6efe-4037-9f93-1bc06edfa941&portal:resourceID=/org.rf.res/org/richfaces/ui.pack.js&portal:cacheLevel=PAGE&portal:type=resource&portal:portletMode=view, line 10431: unreachable code after return statement
JavaScript warning: http://10.69.60.85:8280/portal/CRMPortal/Consultas?portal:windowState=normal&portal:componentId=gtnc323725e-6efe-4037-9f93-1bc06edfa941&portal:resourceID=/org.rf.res/org/richfaces/ui.pack.js&portal:cacheLevel=PAGE&portal:type=resource&portal:portletMode=view, line 10431: unreachable code after return statement
JavaScript error: http://10.69.60.85:8280/portal/CRMPortal/Consultas, line 1: ReferenceError: setIframeListeners is not defined
JavaScript error: http://10.69.60.85:8280/portal/CRMPortal/Consultas, line 1: ReferenceError: setIframeListeners is not defined
JavaScript warning: http://10.69.60.85:8280/portal/CRMPortal/Postventa?portal:windowState=normal&portal:componentId=gtnf5a1f4f3-5ecc-4e4a-8654-6459a01c3953&portal:resourceID=/org.rf.res/org/richfaces/ui.pack.js&portal:cacheLevel=PAGE&portal:type=resource&portal:portletMode=view, line 10431: unreachable code after return statement
JavaScript warning: http://10.69.60.85:8280/portal/CRMPortal/Postventa?portal:windowState=normal&portal:componentId=gtnf5a1f4f3-5ecc-4e4a-8654-6459a01c3953&portal:resourceID=/org.rf.res/org/richfaces/ui.pack.js&portal:cacheLevel=PAGE&portal:type=resource&portal:portletMode=view, line 10431: unreachable code after return statement
JavaScript error: http://10.69.60.85:8280/portal/CRMPortal/Postventa, line 1: ReferenceError: setIframeListeners is not defined
JavaScript warning: http://10.69.60.83:8280/PostSale/a4j/g/3_3_3.Final/org/ajax4jsf/framework.pack.js.page, line 5514: unreachable code after return statement
JavaScript warning: http://10.69.60.83:8280/PostSale/a4j/g/3_3_3.Final/org/richfaces/ui.pack.js.page, line 12786: unreachable code after return statement
JavaScript warning: http://10.69.60.83:8280/PostSale/a4j/g/3_3_3.Final/org/richfaces/ui.pack.js.page, line 12786: unreachable code after return statement
JavaScript error: http://10.69.60.85:8280/portal/CRMPortal/Postventa, line 1: ReferenceError: setIframeListeners is not defined
JavaScript error: http://10.69.60.83:8280/PostSale/view/services.page?token=emIcwTDw4%2FQmwTnli5T%2F94x9cWAF%2FQLw0JjhWAKSvPge8o8MPmKlqgFgaVnCRdZOIdvsmEj%2BQveWO8iOb16a%2Fw%3D%3D, line 31: TypeError: document.getElementById(...) is null
JavaScript warning: http://10.69.60.85:8280/portal/CRMPortal/Consultas?portal:windowState=normal&portal:componentId=gtnc323725e-6efe-4037-9f93-1bc06edfa941&portal:resourceID=/org.rf.res/org/richfaces/ui.pack.js&portal:cacheLevel=PAGE&portal:type=resource&portal:portletMode=view, line 10431: unreachable code after return statement
JavaScript warning: http://10.69.60.85:8280/portal/CRMPortal/Consultas?portal:windowState=normal&portal:componentId=gtnc323725e-6efe-4037-9f93-1bc06edfa941&portal:resourceID=/org.rf.res/org/richfaces/ui.pack.js&portal:cacheLevel=PAGE&portal:type=resource&portal:portletMode=view, line 10431: unreachable code after return statement
JavaScript error: http://10.69.60.85:8280/portal/CRMPortal/Consultas, line 1: ReferenceError: setIframeListeners is not defined
1646150785163	Marionette	INFO	Stopped listening on port 61378
Extension error: [Exception... "Component not initialized"  nsresult: "0xc1f30001 (NS_ERROR_NOT_INITIALIZED)"  location: "JS frame :: moz-extension://eacb4a13-266d-45dd-82fa-26a0f9c654c2/main.js :: connect :: line 12066"  data: no] undefined 12066
[[Exception stack
connect@moz-extension://eacb4a13-266d-45dd-82fa-26a0f9c654c2/main.js:12066:23
onPortDisconnected@moz-extension://eacb4a13-266d-45dd-82fa-26a0f9c654c2/main.js:20316:30
makeConnection/channel<@moz-extension://eacb4a13-266d-45dd-82fa-26a0f9c654c2/main.js:20289:136
handleDisconnect@moz-extension://eacb4a13-266d-45dd-82fa-26a0f9c654c2/main.js:12172:14
connect/</<@moz-extension://eacb4a13-266d-45dd-82fa-26a0f9c654c2/main.js:12052:63
Current stack
applySafeWithoutClone@resource://gre/modules/ExtensionCommon.jsm:606:13
addListener/asyncWithoutClone/<@resource://gre/modules/ExtensionCommon.jsm:2443:39
]]

###!!! [Child][RunMessage] Error: Channel closing: too late to send/recv, messages will be lost


###!!! [Child][MessageChannel::SendAndWait] Error: Channel error: cannot send/recv

]]></system-err>
</testsuite>
