<?xml version="1.0" encoding="UTF-8"?>
<testsuite name="Sanity limpieza y aprovisionamiento de recursos" tests="1" skipped="0" failures="1" errors="0" timestamp="2022-03-01T22:44:01" hostname="22LAP5CG0525FBR" time="67.08">
  <properties/>
  <testcase name="se requiere realizar un cambio de plan pre a pos" classname="Sanity limpieza y aprovisionamiento de recursos" time="67.08">
    <failure message="org.openqa.selenium.StaleElementReferenceException: The element reference of &lt;select name=&quot;PlanschangeForm:InfoCiudad:j_id106&quot;&gt; is stale; either the element is no longer attached to the DOM, it is not in the current frame context, or the document has been refreshed&#10;For documentation on this error, please visit: https://www.seleniumhq.org/exceptions/stale_element_reference.html&#10;Build info: version: '3.141.59', revision: 'e82be7d358', time: '2018-11-14T08:17:03'&#10;System info: host: '22LAP5CG0525FBR', ip: '10.183.117.236', os.name: 'Windows 10', os.arch: 'amd64', os.version: '10.0', java.version: '1.8.0_291'&#10;Driver info: org.openqa.selenium.firefox.FirefoxDriver&#10;Capabilities {acceptInsecureCerts: true, browserName: firefox, browserVersion: 72.0.2, javascriptEnabled: true, moz:accessibilityChecks: false, moz:buildID: 20200117190643, moz:geckodriverVersion: 0.29.0, moz:headless: false, moz:processID: 18824, moz:profile: C:\Users\nriosa\AppData\Loc..., moz:shutdownTimeout: 60000, moz:useNonSpecCompliantPointerOrigin: false, moz:webdriverClick: true, pageLoadStrategy: normal, platform: WINDOWS, platformName: WINDOWS, platformVersion: 10.0, rotatable: false, setWindowRect: true, strictFileInteractability: false, timeouts: {implicit: 0, pageLoad: 300000, script: 30000}, unhandledPromptBehavior: dismiss and notify}&#10;Session ID: 8e38169f-d1da-4159-bcc1-47dcbb1d0a08" type="org.openqa.selenium.StaleElementReferenceException">org.openqa.selenium.StaleElementReferenceException: The element reference of &lt;select name=&quot;PlanschangeForm:InfoCiudad:j_id106&quot;&gt; is stale; either the element is no longer attached to the DOM, it is not in the current frame context, or the document has been refreshed
For documentation on this error, please visit: https://www.seleniumhq.org/exceptions/stale_element_reference.html
Build info: version: '3.141.59', revision: 'e82be7d358', time: '2018-11-14T08:17:03'
System info: host: '22LAP5CG0525FBR', ip: '10.183.117.236', os.name: 'Windows 10', os.arch: 'amd64', os.version: '10.0', java.version: '1.8.0_291'
Driver info: org.openqa.selenium.firefox.FirefoxDriver
Capabilities {acceptInsecureCerts: true, browserName: firefox, browserVersion: 72.0.2, javascriptEnabled: true, moz:accessibilityChecks: false, moz:buildID: 20200117190643, moz:geckodriverVersion: 0.29.0, moz:headless: false, moz:processID: 18824, moz:profile: C:\Users\nriosa\AppData\Loc..., moz:shutdownTimeout: 60000, moz:useNonSpecCompliantPointerOrigin: false, moz:webdriverClick: true, pageLoadStrategy: normal, platform: WINDOWS, platformName: WINDOWS, platformVersion: 10.0, rotatable: false, setWindowRect: true, strictFileInteractability: false, timeouts: {implicit: 0, pageLoad: 300000, script: 30000}, unhandledPromptBehavior: dismiss and notify}
Session ID: 8e38169f-d1da-4159-bcc1-47dcbb1d0a08
	at sun.reflect.NativeConstructorAccessorImpl.newInstance0(Native Method)
	at sun.reflect.NativeConstructorAccessorImpl.newInstance(NativeConstructorAccessorImpl.java:62)
	at sun.reflect.DelegatingConstructorAccessorImpl.newInstance(DelegatingConstructorAccessorImpl.java:45)
	at java.lang.reflect.Constructor.newInstance(Constructor.java:423)
	at org.openqa.selenium.remote.http.W3CHttpResponseCodec.createException(W3CHttpResponseCodec.java:187)
	at org.openqa.selenium.remote.http.W3CHttpResponseCodec.decode(W3CHttpResponseCodec.java:122)
	at org.openqa.selenium.remote.http.W3CHttpResponseCodec.decode(W3CHttpResponseCodec.java:49)
	at org.openqa.selenium.remote.HttpCommandExecutor.execute(HttpCommandExecutor.java:158)
	at org.openqa.selenium.remote.service.DriverCommandExecutor.execute(DriverCommandExecutor.java:83)
	at org.openqa.selenium.remote.RemoteWebDriver.execute(RemoteWebDriver.java:552)
	at org.openqa.selenium.remote.RemoteWebElement.execute(RemoteWebElement.java:285)
	at org.openqa.selenium.remote.RemoteWebElement.isEnabled(RemoteWebElement.java:156)
	at net.serenitybdd.core.pages.WebElementFacadeImpl.lambda$isEnabled$0(WebElementFacadeImpl.java:763)
	at org.openqa.selenium.support.ui.FluentWait.until(FluentWait.java:249)
	at net.serenitybdd.core.pages.WebElementFacadeImpl.isEnabled(WebElementFacadeImpl.java:763)
	at net.serenitybdd.core.pages.WebElementExpectations.isDisabledField(WebElementExpectations.java:159)
	at net.serenitybdd.core.pages.WebElementExpectations.access$000(WebElementExpectations.java:10)
	at net.serenitybdd.core.pages.WebElementExpectations$3.apply(WebElementExpectations.java:64)
	at net.serenitybdd.core.pages.WebElementExpectations$3.apply(WebElementExpectations.java:55)
	at org.openqa.selenium.support.ui.FluentWait.until(FluentWait.java:249)
	at net.serenitybdd.core.pages.WebElementFacadeImpl.waitUntilEnabled(WebElementFacadeImpl.java:1146)
	at net.serenitybdd.core.pages.WebElementFacadeImpl.waitUntilElementAvailable(WebElementFacadeImpl.java:954)
	at net.serenitybdd.core.pages.WebElementFacadeImpl.click(WebElementFacadeImpl.java:1229)
	at sun.reflect.NativeMethodAccessorImpl.invoke0(Native Method)
	at sun.reflect.NativeMethodAccessorImpl.invoke(NativeMethodAccessorImpl.java:62)
	at sun.reflect.DelegatingMethodAccessorImpl.invoke(DelegatingMethodAccessorImpl.java:43)
	at java.lang.reflect.Method.invoke(Method.java:498)
	at net.thucydides.core.annotations.locators.AbstractSingleItemHandler.invoke(AbstractSingleItemHandler.java:45)
	at com.sun.proxy.$Proxy27.click(Unknown Source)
	at com.indra.actions.CambioPrePosActions.directionClick(CambioPrePosActions.java:100)
	at com.indra.actions.CambioPrePosActions.executeContractAssignment(CambioPrePosActions.java:35)
	at com.indra.steps_definitions.SanitySteps.seHaceElCambioPlanDePreAPos(SanitySteps.java:193)
	at ✽.Se hace el cambio plan de pre a pos(src/test/resources/features/execute.feature:70)
</failure>
  </testcase>
  <system-out><![CDATA[17:44:02.732 [Test worker] INFO net.serenitybdd.core.webdriver.driverproviders.ProvideNewDriver - Instantiating driver
17:44:02.732 [Test worker] INFO net.serenitybdd.core.webdriver.driverproviders.ProvideNewDriver - Driver capabilities: Capabilities {acceptInsecureCerts: true, browserName: firefox, firefox_profile: org.openqa.selenium.firefox..., headless: false, loggingPrefs: org.openqa.selenium.logging..., marionette: true, moz:firefoxOptions: {}, platform: ANY, version: }
17:44:09.283 [Test worker] DEBUG net.serenitybdd.core.photography.Darkroom - Opening darkroom
17:44:09.283 [Darkroom Processing Line] DEBUG net.serenitybdd.core.photography.DarkroomProcessingLine - Darkroom processing line starting up
17:44:09.455 [Test worker] DEBUG net.serenitybdd.core.photography.Darkroom - Send negative for processing for C:\SanitySemilla4\target\site\serenity\5bf4c11b5d8e75a58cb69ca9319669a9f83aab32741a794292fee75f917dacde.png
17:44:10.092 [Test worker] DEBUG net.serenitybdd.core.photography.Darkroom - Send negative for processing for C:\SanitySemilla4\target\site\serenity\9e075f75088cc8be698270e4eba3a4acd10bc444f09e435fe7a5b64c5b7be9ca.png
17:44:12.891 [Test worker] DEBUG net.serenitybdd.core.photography.Darkroom - Send negative for processing for C:\SanitySemilla4\target\site\serenity\50ba390cc9c52495f731c65f736e90d00d01cda4eb9d25814933b6e8d100f689.png
17:44:14.596 [Test worker] DEBUG net.serenitybdd.core.photography.Darkroom - Send negative for processing for C:\SanitySemilla4\target\site\serenity\3ced78df60753f5f768a3757dad2145d30783cdf0897af3f29c028379e17a801.png
17:44:15.364 [Test worker] DEBUG net.serenitybdd.core.photography.Darkroom - Send negative for processing for C:\SanitySemilla4\target\site\serenity\eb763cf629e6035f752beb5270bdb7f724fee8600db1a65198aa947c6bf88afd.png
17:44:16.130 [Test worker] DEBUG net.serenitybdd.core.photography.Darkroom - Send negative for processing for C:\SanitySemilla4\target\site\serenity\f30d89a6afa580e3ff04a00d06c9937013c4c7becf0e38f0a3b07c581779561f.png
17:44:16.911 [Test worker] DEBUG net.serenitybdd.core.photography.Darkroom - Send negative for processing for C:\SanitySemilla4\target\site\serenity\b2b0fb2a07c192e5ecf75379131d69d59b8f554a5028acd169f7b150259ebae6.png
17:44:19.178 [Test worker] DEBUG net.serenitybdd.core.photography.Darkroom - Send negative for processing for C:\SanitySemilla4\target\site\serenity\1814bc7a3b89dd677e0d45cc654fd05a3b2ce6c81bb4cdfa5bc654b3076f6092.png
17:44:19.178 [Darkroom Processing Line] DEBUG net.serenitybdd.core.photography.DarkroomProcessingLine - Processing screenshot image in /var/screenshots/screenshot-8476709274919195838
17:44:19.178 [Darkroom Processing Line] DEBUG net.serenitybdd.core.photography.DarkroomProcessingLine - Saving screenshot to C:\SanitySemilla4\target\site\serenity\1814bc7a3b89dd677e0d45cc654fd05a3b2ce6c81bb4cdfa5bc654b3076f6092.png
17:44:19.819 [Test worker] DEBUG net.serenitybdd.core.photography.Darkroom - Send negative for processing for C:\SanitySemilla4\target\site\serenity\1814bc7a3b89dd677e0d45cc654fd05a3b2ce6c81bb4cdfa5bc654b3076f6092.png
17:44:20.520 [Test worker] DEBUG net.serenitybdd.core.photography.Darkroom - Send negative for processing for C:\SanitySemilla4\target\site\serenity\eeaa372c824fd26e59aba39dd6a23343e32c30e60d6ecf0c0e88f1e1cc8f46a1.png
17:44:20.520 [Darkroom Processing Line] DEBUG net.serenitybdd.core.photography.DarkroomProcessingLine - Processing screenshot image in /var/screenshots/screenshot-3999752310401134788
17:44:20.520 [Darkroom Processing Line] DEBUG net.serenitybdd.core.photography.DarkroomProcessingLine - Saving screenshot to C:\SanitySemilla4\target\site\serenity\eeaa372c824fd26e59aba39dd6a23343e32c30e60d6ecf0c0e88f1e1cc8f46a1.png
17:44:21.202 [Test worker] DEBUG net.serenitybdd.core.photography.Darkroom - Send negative for processing for C:\SanitySemilla4\target\site\serenity\1814bc7a3b89dd677e0d45cc654fd05a3b2ce6c81bb4cdfa5bc654b3076f6092.png
ya pasaron 5 sg
17:45:02.020 [Test worker] DEBUG net.serenitybdd.core.photography.Darkroom - Send negative for processing for C:\SanitySemilla4\target\site\serenity\910213951256040c6c4d8b32c289c736177cfd1066ab6231d29a7f09786febb1.png
17:45:02.020 [Darkroom Processing Line] DEBUG net.serenitybdd.core.photography.DarkroomProcessingLine - Processing screenshot image in /var/screenshots/screenshot-8214024987288464858
17:45:02.020 [Darkroom Processing Line] DEBUG net.serenitybdd.core.photography.DarkroomProcessingLine - Saving screenshot to C:\SanitySemilla4\target\site\serenity\910213951256040c6c4d8b32c289c736177cfd1066ab6231d29a7f09786febb1.png
17:45:02.685 [Test worker] DEBUG net.serenitybdd.core.photography.Darkroom - Send negative for processing for C:\SanitySemilla4\target\site\serenity\910213951256040c6c4d8b32c289c736177cfd1066ab6231d29a7f09786febb1.png
17:45:03.374 [Test worker] DEBUG net.serenitybdd.core.photography.Darkroom - Send negative for processing for C:\SanitySemilla4\target\site\serenity\0feca6fcf70fc9e900229288f8c8d4b6166858ae1497796a63aaee436a71c138.png
17:45:03.376 [Darkroom Processing Line] DEBUG net.serenitybdd.core.photography.DarkroomProcessingLine - Processing screenshot image in /var/screenshots/screenshot-7241095488423111050
17:45:03.376 [Darkroom Processing Line] DEBUG net.serenitybdd.core.photography.DarkroomProcessingLine - Saving screenshot to C:\SanitySemilla4\target\site\serenity\0feca6fcf70fc9e900229288f8c8d4b6166858ae1497796a63aaee436a71c138.png
17:45:04.206 [Test worker] DEBUG net.serenitybdd.core.photography.Darkroom - Send negative for processing for C:\SanitySemilla4\target\site\serenity\606b04e85311ebdaf8be730e293034db5c23b24f6939d1b565743c27014104bc.png
17:45:04.209 [Darkroom Processing Line] DEBUG net.serenitybdd.core.photography.DarkroomProcessingLine - Processing screenshot image in /var/screenshots/screenshot-2759571776682776302
17:45:04.209 [Darkroom Processing Line] DEBUG net.serenitybdd.core.photography.DarkroomProcessingLine - Saving screenshot to C:\SanitySemilla4\target\site\serenity\606b04e85311ebdaf8be730e293034db5c23b24f6939d1b565743c27014104bc.png
17:45:05.047 [Test worker] DEBUG net.serenitybdd.core.photography.Darkroom - Send negative for processing for C:\SanitySemilla4\target\site\serenity\4427a1763c0010d0401ae32341993915566ff95c10878e9eb083b26565789300.png
17:45:05.047 [Darkroom Processing Line] DEBUG net.serenitybdd.core.photography.DarkroomProcessingLine - Processing screenshot image in /var/screenshots/screenshot-996655824719674239
17:45:05.047 [Darkroom Processing Line] DEBUG net.serenitybdd.core.photography.DarkroomProcessingLine - Saving screenshot to C:\SanitySemilla4\target\site\serenity\4427a1763c0010d0401ae32341993915566ff95c10878e9eb083b26565789300.png
17:45:05.547 [Test worker] DEBUG net.serenitybdd.core.photography.Darkroom - Send negative for processing for C:\SanitySemilla4\target\site\serenity\1d4a07eed6c9f68add715d6be8e9d448fe9d6324e17cc5320dfe51b92b4e2ec0.png
17:45:05.558 [Darkroom Processing Line] DEBUG net.serenitybdd.core.photography.DarkroomProcessingLine - Processing screenshot image in /var/screenshots/screenshot-1471845541947991154
17:45:05.558 [Darkroom Processing Line] DEBUG net.serenitybdd.core.photography.DarkroomProcessingLine - Saving screenshot to C:\SanitySemilla4\target\site\serenity\1d4a07eed6c9f68add715d6be8e9d448fe9d6324e17cc5320dfe51b92b4e2ec0.png
17:45:08.215 [Test worker] ERROR net.thucydides.core.steps.ConsoleLoggingListener - ?[91m
           __  _____ _____ ____ _____   _____ _    ___ _     _____ ____  
  _       / / |_   _| ____/ ___|_   _| |  ___/ \  |_ _| |   | ____|  _ \ 
 (_)_____| |    | | |  _| \___ \ | |   | |_ / _ \  | || |   |  _| | | | |
  _|_____| |    | | | |___ ___) || |   |  _/ ___ \ | || |___| |___| |_| |
 (_)     | |    |_| |_____|____/ |_|   |_|/_/   \_\___|_____|_____|____/ 
          \_\                                                            

TEST FAILED WITH ERROR: se requiere realizar un cambio de plan pre a pos
---------------------------------------------------------------------?[0m
17:45:08.215 [Test worker] DEBUG net.thucydides.core.steps.ConsoleLoggingListener - RELATED ISSUES: 
17:45:08.282 [Test worker] ERROR net.thucydides.core.steps.ConsoleLoggingListener - ?[91mTEST FAILED AT STEP When Se hace el cambio plan de pre a pos?[0m
17:45:08.282 [Test worker] ERROR net.thucydides.core.steps.ConsoleLoggingListener - The element reference of <select name="PlanschangeForm:InfoCiudad:j_id106"> is stale; either the element is no longer attached to the DOM, it is not in the current frame context, or the document has been refreshed
]]></system-out>
  <system-err><![CDATA[mar 01, 2022 5:44:02 PM org.openqa.selenium.remote.DesiredCapabilities firefox
INFORMACIÓN: Using `new FirefoxOptions()` is preferred to `DesiredCapabilities.firefox()`
mar 01, 2022 5:44:02 PM org.openqa.selenium.remote.DesiredCapabilities firefox
INFORMACIÓN: Using `new FirefoxOptions()` is preferred to `DesiredCapabilities.firefox()`
1646174643866	geckodriver	INFO	Listening on 127.0.0.1:9543
1646174644368	mozrunner::runner	INFO	Running command: "C:\\Program Files\\Mozilla Firefox\\firefox.exe" "--marionette" "-foreground" "-no-remote" "-profile" "C:\\Users\\nriosa\\AppData\\Local\\Temp\\rust_mozprofilelkRaXA"
1646174645197	addons.webextension.doh-rollout@mozilla.org	WARN	Loading extension 'doh-rollout@mozilla.org': Reading manifest: Invalid extension permission: networkStatus
1646174645227	addons.webextension.screenshots@mozilla.org	WARN	Loading extension 'screenshots@mozilla.org': Reading manifest: Invalid extension permission: mozillaAddons
1646174645227	addons.webextension.screenshots@mozilla.org	WARN	Loading extension 'screenshots@mozilla.org': Reading manifest: Invalid extension permission: telemetry
1646174645227	addons.webextension.screenshots@mozilla.org	WARN	Loading extension 'screenshots@mozilla.org': Reading manifest: Invalid extension permission: resource://pdf.js/
1646174645227	addons.webextension.screenshots@mozilla.org	WARN	Loading extension 'screenshots@mozilla.org': Reading manifest: Invalid extension permission: about:reader*
JavaScript error: resource://gre/modules/XULStore.jsm, line 66: Error: Can't find profile directory.
1646174647919	Marionette	INFO	Listening on port 53362
1646174648073	Marionette	WARN	TLS certificate errors will be ignored for this session
mar 01, 2022 5:44:08 PM org.openqa.selenium.remote.ProtocolHandshake createSession
INFORMACIÓN: Detected dialect: W3C
JavaScript error: http://10.69.60.85:8280/portal/scripts/3.8.16.Final-redhat-1/SHARED/bootstrap-min.js, line 7: Error: Script error for: SHARED/base
http://requirejs.org/docs/errors.html#scripterror
JavaScript error: http://10.69.60.85:8280/portal/scripts/3.8.16.Final-redhat-1/SHARED/bootstrap-min.js, line 7: Error: Script error for: SHARED/navigation
http://requirejs.org/docs/errors.html#scripterror
JavaScript error: http://10.69.60.85:8280/portal/scripts/3.8.16.Final-redhat-1/SHARED/bootstrap-min.js, line 7: Error: Script error for: SHARED/jquery
http://requirejs.org/docs/errors.html#scripterror
JavaScript warning: http://10.69.60.85:8280/portal/CRMPortal/Consultas?portal:windowState=normal&portal:componentId=gtnc323725e-6efe-4037-9f93-1bc06edfa941&portal:resourceID=/org.rf.res/org/richfaces/ui.pack.js&portal:cacheLevel=PAGE&portal:type=resource&portal:portletMode=view, line 10431: unreachable code after return statement
JavaScript warning: http://10.69.60.85:8280/portal/CRMPortal/Consultas?portal:windowState=normal&portal:componentId=gtnc323725e-6efe-4037-9f93-1bc06edfa941&portal:resourceID=/org.rf.res/org/richfaces/ui.pack.js&portal:cacheLevel=PAGE&portal:type=resource&portal:portletMode=view, line 10431: unreachable code after return statement
JavaScript error: http://10.69.60.85:8280/portal/CRMPortal/Consultas, line 1: ReferenceError: setIframeListeners is not defined
JavaScript warning: http://10.69.60.85:8280/portal/CRMPortal/Postventa?portal:windowState=normal&portal:componentId=gtnf5a1f4f3-5ecc-4e4a-8654-6459a01c3953&portal:resourceID=/org.rf.res/org/richfaces/ui.pack.js&portal:cacheLevel=PAGE&portal:type=resource&portal:portletMode=view, line 10431: unreachable code after return statement
JavaScript warning: http://10.69.60.85:8280/portal/CRMPortal/Postventa?portal:windowState=normal&portal:componentId=gtnf5a1f4f3-5ecc-4e4a-8654-6459a01c3953&portal:resourceID=/org.rf.res/org/richfaces/ui.pack.js&portal:cacheLevel=PAGE&portal:type=resource&portal:portletMode=view, line 10431: unreachable code after return statement
JavaScript error: http://10.69.60.85:8280/portal/CRMPortal/Postventa, line 1: ReferenceError: setIframeListeners is not defined
JavaScript warning: http://10.69.60.76:8080/PostSale/a4j/g/3_3_3.Final/org/ajax4jsf/framework.pack.js, line 5514: unreachable code after return statement
JavaScript warning: http://10.69.60.76:8080/PostSale/a4j/g/3_3_3.Final/org/richfaces/ui.pack.js, line 12786: unreachable code after return statement
JavaScript warning: http://10.69.60.76:8080/PostSale/a4j/g/3_3_3.Final/org/richfaces/ui.pack.js, line 12786: unreachable code after return statement
JavaScript error: http://10.69.60.85:8280/portal/CRMPortal/Postventa, line 1: ReferenceError: setIframeListeners is not defined
JavaScript error: http://10.69.60.76:8080/PostSale/planChangeNew.seam?token=emIcwTDw4%2FQmwTnli5T%2F94x9cWAF%2FQLw0JjhWAKSvPhtTj5Fi4QhL%2B7PsivH28KlIdvsmEj%2BQveWO8iOb16a%2Fw%3D%3D, line 50: TypeError: ePosIdObj is null
1646174705843	Marionette	INFO	Stopped listening on port 53362

###!!! [Child][RunMessage] Error: Channel closing: too late to send/recv, messages will be lost


###!!! [Child][MessageChannel::SendAndWait] Error: Channel error: cannot send/recv

]]></system-err>
</testsuite>
