<?xml version="1.0" encoding="UTF-8"?>
<testsuite name="Sanity limpieza y aprovisionamiento de recursos" tests="8" skipped="0" failures="0" errors="0" timestamp="2022-02-15T16:40:41" hostname="22LAP5CD1195R94" time="413.83">
  <properties/>
  <testcase name="se quiere ingresar a la plataforma epos" classname="Sanity limpieza y aprovisionamiento de recursos" time="50.525"/>
  <testcase name="realizar el cargue de inventario" classname="Sanity limpieza y aprovisionamiento de recursos" time="28.219"/>
  <testcase name="realizar la confirmacion de inventario" classname="Sanity limpieza y aprovisionamiento de recursos" time="20.889"/>
  <testcase name="se requiere realizar una activacion de una linea en prepago" classname="Sanity limpieza y aprovisionamiento de recursos" time="65.83"/>
  <testcase name="se requiere realizar una activacion de una linea en control" classname="Sanity limpieza y aprovisionamiento de recursos" time="78.836"/>
  <testcase name="se requiere realizar una activacion de una linea en prepago" classname="Sanity limpieza y aprovisionamiento de recursos" time="51.073"/>
  <testcase name="se requiere realizar una activacion de una linea en prepago" classname="Sanity limpieza y aprovisionamiento de recursos" time="39.714"/>
  <testcase name="se requiere realizar una activacion de una linea en control" classname="Sanity limpieza y aprovisionamiento de recursos" time="78.71"/>
  <system-out><![CDATA[11:40:43.363 [Test worker] DEBUG org.apache.http.impl.conn.BasicClientConnectionManager - Get connection for route {}->http://10.65.45.12:9001
11:40:43.363 [Test worker] DEBUG org.apache.http.impl.conn.DefaultClientConnectionOperator - Connecting to 10.65.45.12:9001
11:40:43.432 [Test worker] DEBUG org.apache.http.client.protocol.RequestAddCookies - CookieSpec selected: ignoreCookies
11:40:43.432 [Test worker] DEBUG org.apache.http.client.protocol.RequestAuthCache - Auth cache not set in the context
11:40:43.432 [Test worker] DEBUG org.apache.http.client.protocol.RequestTargetAuthentication - Target auth state: UNCHALLENGED
11:40:43.432 [Test worker] DEBUG org.apache.http.client.protocol.RequestProxyAuthentication - Proxy auth state: UNCHALLENGED
11:40:43.432 [Test worker] DEBUG org.apache.http.impl.client.DefaultHttpClient - Attempt 1 to execute request
11:40:43.432 [Test worker] DEBUG org.apache.http.impl.conn.DefaultClientConnection - Sending request: POST /gatewaycbs/BcServicesInt HTTP/1.1
11:40:43.432 [Test worker] DEBUG org.apache.http.wire -  >> "POST /gatewaycbs/BcServicesInt HTTP/1.1[\r][\n]"
11:40:43.432 [Test worker] DEBUG org.apache.http.wire -  >> "Accept: */*[\r][\n]"
11:40:43.432 [Test worker] DEBUG org.apache.http.wire -  >> "Content-Type: text/xml;charset=UTF-8[\r][\n]"
11:40:43.432 [Test worker] DEBUG org.apache.http.wire -  >> "Content-Length: 748[\r][\n]"
11:40:43.432 [Test worker] DEBUG org.apache.http.wire -  >> "Host: 10.65.45.12:9001[\r][\n]"
11:40:43.432 [Test worker] DEBUG org.apache.http.wire -  >> "Connection: Keep-Alive[\r][\n]"
11:40:43.432 [Test worker] DEBUG org.apache.http.wire -  >> "User-Agent: Apache-HttpClient/4.5.9 (Java/1.8.0_301)[\r][\n]"
11:40:43.432 [Test worker] DEBUG org.apache.http.wire -  >> "Accept-Encoding: gzip,deflate[\r][\n]"
11:40:43.432 [Test worker] DEBUG org.apache.http.wire -  >> "[\r][\n]"
11:40:43.432 [Test worker] DEBUG org.apache.http.headers - >> POST /gatewaycbs/BcServicesInt HTTP/1.1
11:40:43.432 [Test worker] DEBUG org.apache.http.headers - >> Accept: */*
11:40:43.432 [Test worker] DEBUG org.apache.http.headers - >> Content-Type: text/xml;charset=UTF-8
11:40:43.432 [Test worker] DEBUG org.apache.http.headers - >> Content-Length: 748
11:40:43.432 [Test worker] DEBUG org.apache.http.headers - >> Host: 10.65.45.12:9001
11:40:43.432 [Test worker] DEBUG org.apache.http.headers - >> Connection: Keep-Alive
11:40:43.432 [Test worker] DEBUG org.apache.http.headers - >> User-Agent: Apache-HttpClient/4.5.9 (Java/1.8.0_301)
11:40:43.432 [Test worker] DEBUG org.apache.http.headers - >> Accept-Encoding: gzip,deflate
11:40:43.432 [Test worker] DEBUG org.apache.http.wire -  >> "<soapenv:Envelope xmlns:bcc="http://www.huawei.com/bme/cbsinterface/bccommon" xmlns:bcs="http://www.huawei.com/bme/cbsinterface/bcservices" xmlns:ws="http://ws.web.gatewaycbs.tigo.com.co/" xmlns:soapenv="http://schemas.xmlsoap.org/soap/envelope/">[\n]"
11:40:43.432 [Test worker] DEBUG org.apache.http.wire -  >> "   <soapenv:Header/>[\n]"
11:40:43.432 [Test worker] DEBUG org.apache.http.wire -  >> "   <soapenv:Body>[\n]"
11:40:43.432 [Test worker] DEBUG org.apache.http.wire -  >> "      <ws:queryCustomerInfo>[\n]"
11:40:43.432 [Test worker] DEBUG org.apache.http.wire -  >> "         <!--Optional:-->[\n]"
11:40:43.432 [Test worker] DEBUG org.apache.http.wire -  >> "         <QueryCustomerInfoRequest>[\n]"
11:40:43.432 [Test worker] DEBUG org.apache.http.wire -  >> "            <bcs:QueryObj>[\n]"
11:40:43.432 [Test worker] DEBUG org.apache.http.wire -  >> "               <!--Optional:-->[\n]"
11:40:43.432 [Test worker] DEBUG org.apache.http.wire -  >> "               <bcs:SubAccessCode>[\n]"
11:40:43.432 [Test worker] DEBUG org.apache.http.wire -  >> "                  <!--Optional:-->[\n]"
11:40:43.432 [Test worker] DEBUG org.apache.http.wire -  >> "                  <bcc:PrimaryIdentity>3016875982</bcc:PrimaryIdentity>[\n]"
11:40:43.432 [Test worker] DEBUG org.apache.http.wire -  >> "               </bcs:SubAccessCode>[\n]"
11:40:43.432 [Test worker] DEBUG org.apache.http.wire -  >> "            </bcs:QueryObj>[\n]"
11:40:43.432 [Test worker] DEBUG org.apache.http.wire -  >> "         </QueryCustomerInfoRequest>[\n]"
11:40:43.432 [Test worker] DEBUG org.apache.http.wire -  >> "      </ws:queryCustomerInfo>[\n]"
11:40:43.432 [Test worker] DEBUG org.apache.http.wire -  >> "   </soapenv:Body>[\n]"
11:40:43.432 [Test worker] DEBUG org.apache.http.wire -  >> "</soapenv:Envelope>"
11:40:43.508 [Test worker] DEBUG org.apache.http.wire -  << "HTTP/1.1 200 OK[\r][\n]"
11:40:43.508 [Test worker] DEBUG org.apache.http.wire -  << "Date: Tue, 15 Feb 2022 16:40:43 GMT[\r][\n]"
11:40:43.508 [Test worker] DEBUG org.apache.http.wire -  << "Transfer-Encoding: chunked[\r][\n]"
11:40:43.508 [Test worker] DEBUG org.apache.http.wire -  << "Content-Type: text/xml; charset=utf-8[\r][\n]"
11:40:43.508 [Test worker] DEBUG org.apache.http.wire -  << "[\r][\n]"
11:40:43.508 [Test worker] DEBUG org.apache.http.impl.conn.DefaultClientConnection - Receiving response: HTTP/1.1 200 OK
11:40:43.508 [Test worker] DEBUG org.apache.http.headers - << HTTP/1.1 200 OK
11:40:43.508 [Test worker] DEBUG org.apache.http.headers - << Date: Tue, 15 Feb 2022 16:40:43 GMT
11:40:43.508 [Test worker] DEBUG org.apache.http.headers - << Transfer-Encoding: chunked
11:40:43.508 [Test worker] DEBUG org.apache.http.headers - << Content-Type: text/xml; charset=utf-8
11:40:43.508 [Test worker] DEBUG org.apache.http.impl.client.DefaultHttpClient - Connection can be kept alive indefinitely
11:40:43.523 [Test worker] DEBUG io.restassured.internal.RequestSpecificationImpl$RestAssuredHttpBuilder - Parsing response as: text/xml; charset=utf-8
11:40:43.523 [Test worker] DEBUG io.restassured.internal.RequestSpecificationImpl$RestAssuredHttpBuilder - Parsed data to instance of: class org.apache.http.conn.EofSensorInputStream
11:40:43.562 [Test worker] DEBUG org.apache.http.wire -  << "006e[\r][\n]"
11:40:43.562 [Test worker] DEBUG org.apache.http.wire -  << "<?xml version='1.0' encoding='UTF-8'?><S:Envelope xmlns:S="http://schemas.xmlsoap.org/soap/envelope/"><S:Body>"
11:40:43.562 [Test worker] DEBUG org.apache.http.wire -  << "[\r][\n]"
11:40:43.562 [Test worker] DEBUG org.apache.http.wire -  << "01f8[\r][\n]"
11:40:43.562 [Test worker] DEBUG org.apache.http.wire -  << "<ns4:queryCustomerInfoResponse xmlns:ns2="http://www.huawei.com/bme/cbsinterface/bccommon" xmlns:ns3="http://www.huawei.com/bme/cbsinterface/bcservices" xmlns:ns4="http://ws.web.gatewaycbs.tigo.com.co/" xmlns:ns5="http://www.huawei.com/bme/cbsinterface/cbscommon"><return><ResultHeader><ns5:Version>1</ns5:Version><ns5:ResultCode>118030260</ns5:ResultCode><ns5:ResultDesc>Subscriber 3016875982 does not exist.</ns5:ResultDesc></ResultHeader></return></ns4:queryCustomerInfoResponse></S:Body></S:Envelope>"
11:40:43.562 [Test worker] DEBUG org.apache.http.wire -  << "[\r][\n]"
11:40:43.562 [Test worker] DEBUG org.apache.http.wire -  << "0000[\r][\n]"
11:40:43.562 [Test worker] DEBUG org.apache.http.wire -  << "[\r][\n]"
11:40:43.562 [Test worker] DEBUG org.apache.http.impl.conn.BasicClientConnectionManager - Releasing connection org.apache.http.impl.conn.ManagedClientConnectionImpl@a6ad9ca
11:40:43.562 [Test worker] DEBUG org.apache.http.impl.conn.BasicClientConnectionManager - Connection can be kept alive indefinitely
La linea 3016875982 no esta activa
11:40:43.828 [Finalizer] DEBUG org.apache.http.impl.conn.DefaultClientConnection - Connection 0.0.0.0:51561<->10.65.45.12:9001 closed
se ejecuta correctamente DB Activator
se ejecuta correctamente  DB EPOS
se ejecuta correctamente DB Siebel
se ejecuta correctamente DB Postale
11:40:49.062 [Test worker] DEBUG org.apache.http.impl.conn.BasicClientConnectionManager - Get connection for route {}->http://10.65.45.12:9001
11:40:49.062 [Test worker] DEBUG org.apache.http.impl.conn.DefaultClientConnectionOperator - Connecting to 10.65.45.12:9001
11:40:49.094 [Test worker] DEBUG org.apache.http.client.protocol.RequestAddCookies - CookieSpec selected: ignoreCookies
11:40:49.094 [Test worker] DEBUG org.apache.http.client.protocol.RequestAuthCache - Auth cache not set in the context
11:40:49.094 [Test worker] DEBUG org.apache.http.client.protocol.RequestTargetAuthentication - Target auth state: UNCHALLENGED
11:40:49.094 [Test worker] DEBUG org.apache.http.client.protocol.RequestProxyAuthentication - Proxy auth state: UNCHALLENGED
11:40:49.094 [Test worker] DEBUG org.apache.http.impl.client.DefaultHttpClient - Attempt 1 to execute request
11:40:49.094 [Test worker] DEBUG org.apache.http.impl.conn.DefaultClientConnection - Sending request: POST /gatewaycbs/BcServicesInt HTTP/1.1
11:40:49.094 [Test worker] DEBUG org.apache.http.wire -  >> "POST /gatewaycbs/BcServicesInt HTTP/1.1[\r][\n]"
11:40:49.094 [Test worker] DEBUG org.apache.http.wire -  >> "Accept: */*[\r][\n]"
11:40:49.094 [Test worker] DEBUG org.apache.http.wire -  >> "Content-Type: text/xml;charset=UTF-8[\r][\n]"
11:40:49.094 [Test worker] DEBUG org.apache.http.wire -  >> "Content-Length: 748[\r][\n]"
11:40:49.094 [Test worker] DEBUG org.apache.http.wire -  >> "Host: 10.65.45.12:9001[\r][\n]"
11:40:49.094 [Test worker] DEBUG org.apache.http.wire -  >> "Connection: Keep-Alive[\r][\n]"
11:40:49.094 [Test worker] DEBUG org.apache.http.wire -  >> "User-Agent: Apache-HttpClient/4.5.9 (Java/1.8.0_301)[\r][\n]"
11:40:49.094 [Test worker] DEBUG org.apache.http.wire -  >> "Accept-Encoding: gzip,deflate[\r][\n]"
11:40:49.094 [Test worker] DEBUG org.apache.http.wire -  >> "[\r][\n]"
11:40:49.094 [Test worker] DEBUG org.apache.http.headers - >> POST /gatewaycbs/BcServicesInt HTTP/1.1
11:40:49.094 [Test worker] DEBUG org.apache.http.headers - >> Accept: */*
11:40:49.094 [Test worker] DEBUG org.apache.http.headers - >> Content-Type: text/xml;charset=UTF-8
11:40:49.094 [Test worker] DEBUG org.apache.http.headers - >> Content-Length: 748
11:40:49.094 [Test worker] DEBUG org.apache.http.headers - >> Host: 10.65.45.12:9001
11:40:49.094 [Test worker] DEBUG org.apache.http.headers - >> Connection: Keep-Alive
11:40:49.094 [Test worker] DEBUG org.apache.http.headers - >> User-Agent: Apache-HttpClient/4.5.9 (Java/1.8.0_301)
11:40:49.094 [Test worker] DEBUG org.apache.http.headers - >> Accept-Encoding: gzip,deflate
11:40:49.094 [Test worker] DEBUG org.apache.http.wire -  >> "<soapenv:Envelope xmlns:bcc="http://www.huawei.com/bme/cbsinterface/bccommon" xmlns:bcs="http://www.huawei.com/bme/cbsinterface/bcservices" xmlns:ws="http://ws.web.gatewaycbs.tigo.com.co/" xmlns:soapenv="http://schemas.xmlsoap.org/soap/envelope/">[\n]"
11:40:49.094 [Test worker] DEBUG org.apache.http.wire -  >> "   <soapenv:Header/>[\n]"
11:40:49.094 [Test worker] DEBUG org.apache.http.wire -  >> "   <soapenv:Body>[\n]"
11:40:49.094 [Test worker] DEBUG org.apache.http.wire -  >> "      <ws:queryCustomerInfo>[\n]"
11:40:49.094 [Test worker] DEBUG org.apache.http.wire -  >> "         <!--Optional:-->[\n]"
11:40:49.094 [Test worker] DEBUG org.apache.http.wire -  >> "         <QueryCustomerInfoRequest>[\n]"
11:40:49.094 [Test worker] DEBUG org.apache.http.wire -  >> "            <bcs:QueryObj>[\n]"
11:40:49.094 [Test worker] DEBUG org.apache.http.wire -  >> "               <!--Optional:-->[\n]"
11:40:49.094 [Test worker] DEBUG org.apache.http.wire -  >> "               <bcs:SubAccessCode>[\n]"
11:40:49.094 [Test worker] DEBUG org.apache.http.wire -  >> "                  <!--Optional:-->[\n]"
11:40:49.094 [Test worker] DEBUG org.apache.http.wire -  >> "                  <bcc:PrimaryIdentity>3016877591</bcc:PrimaryIdentity>[\n]"
11:40:49.094 [Test worker] DEBUG org.apache.http.wire -  >> "               </bcs:SubAccessCode>[\n]"
11:40:49.094 [Test worker] DEBUG org.apache.http.wire -  >> "            </bcs:QueryObj>[\n]"
11:40:49.094 [Test worker] DEBUG org.apache.http.wire -  >> "         </QueryCustomerInfoRequest>[\n]"
11:40:49.094 [Test worker] DEBUG org.apache.http.wire -  >> "      </ws:queryCustomerInfo>[\n]"
11:40:49.094 [Test worker] DEBUG org.apache.http.wire -  >> "   </soapenv:Body>[\n]"
11:40:49.094 [Test worker] DEBUG org.apache.http.wire -  >> "</soapenv:Envelope>"
11:40:49.158 [Test worker] DEBUG org.apache.http.wire -  << "HTTP/1.1 200 OK[\r][\n]"
11:40:49.158 [Test worker] DEBUG org.apache.http.wire -  << "Date: Tue, 15 Feb 2022 16:40:49 GMT[\r][\n]"
11:40:49.158 [Test worker] DEBUG org.apache.http.wire -  << "Transfer-Encoding: chunked[\r][\n]"
11:40:49.158 [Test worker] DEBUG org.apache.http.wire -  << "Content-Type: text/xml; charset=utf-8[\r][\n]"
11:40:49.158 [Test worker] DEBUG org.apache.http.wire -  << "[\r][\n]"
11:40:49.158 [Test worker] DEBUG org.apache.http.impl.conn.DefaultClientConnection - Receiving response: HTTP/1.1 200 OK
11:40:49.158 [Test worker] DEBUG org.apache.http.headers - << HTTP/1.1 200 OK
11:40:49.158 [Test worker] DEBUG org.apache.http.headers - << Date: Tue, 15 Feb 2022 16:40:49 GMT
11:40:49.158 [Test worker] DEBUG org.apache.http.headers - << Transfer-Encoding: chunked
11:40:49.158 [Test worker] DEBUG org.apache.http.headers - << Content-Type: text/xml; charset=utf-8
11:40:49.158 [Test worker] DEBUG org.apache.http.impl.client.DefaultHttpClient - Connection can be kept alive indefinitely
11:40:49.158 [Test worker] DEBUG io.restassured.internal.RequestSpecificationImpl$RestAssuredHttpBuilder - Parsing response as: text/xml; charset=utf-8
11:40:49.158 [Test worker] DEBUG io.restassured.internal.RequestSpecificationImpl$RestAssuredHttpBuilder - Parsed data to instance of: class org.apache.http.conn.EofSensorInputStream
11:40:49.175 [Test worker] DEBUG org.apache.http.wire -  << "006e[\r][\n]"
11:40:49.175 [Test worker] DEBUG org.apache.http.wire -  << "<?xml version='1.0' encoding='UTF-8'?><S:Envelope xmlns:S="http://schemas.xmlsoap.org/soap/envelope/"><S:Body>"
11:40:49.175 [Test worker] DEBUG org.apache.http.wire -  << "[\r][\n]"
11:40:49.175 [Test worker] DEBUG org.apache.http.wire -  << "01f8[\r][\n]"
11:40:49.175 [Test worker] DEBUG org.apache.http.wire -  << "<ns4:queryCustomerInfoResponse xmlns:ns2="http://www.huawei.com/bme/cbsinterface/bccommon" xmlns:ns3="http://www.huawei.com/bme/cbsinterface/bcservices" xmlns:ns4="http://ws.web.gatewaycbs.tigo.com.co/" xmlns:ns5="http://www.huawei.com/bme/cbsinterface/cbscommon"><return><ResultHeader><ns5:Version>1</ns5:Version><ns5:ResultCode>118030260</ns5:ResultCode><ns5:ResultDesc>Subscriber 3016877591 does not exist.</ns5:ResultDesc></ResultHeader></return></ns4:queryCustomerInfoResponse></S:Body></S:Envelope>"
11:40:49.175 [Test worker] DEBUG org.apache.http.wire -  << "[\r][\n]"
11:40:49.175 [Test worker] DEBUG org.apache.http.wire -  << "0000[\r][\n]"
11:40:49.175 [Test worker] DEBUG org.apache.http.wire -  << "[\r][\n]"
11:40:49.175 [Test worker] DEBUG org.apache.http.impl.conn.BasicClientConnectionManager - Releasing connection org.apache.http.impl.conn.ManagedClientConnectionImpl@44aba610
11:40:49.175 [Test worker] DEBUG org.apache.http.impl.conn.BasicClientConnectionManager - Connection can be kept alive indefinitely
La linea 3016877591 no esta activa
se ejecuta correctamente DB Activator
se ejecuta correctamente  DB EPOS
se ejecuta correctamente DB Siebel
se ejecuta correctamente DB Postale
11:40:54.166 [Test worker] DEBUG org.apache.http.impl.conn.BasicClientConnectionManager - Get connection for route {}->http://10.65.45.12:9001
11:40:54.166 [Test worker] DEBUG org.apache.http.impl.conn.DefaultClientConnectionOperator - Connecting to 10.65.45.12:9001
11:40:54.202 [Test worker] DEBUG org.apache.http.client.protocol.RequestAddCookies - CookieSpec selected: ignoreCookies
11:40:54.202 [Test worker] DEBUG org.apache.http.client.protocol.RequestAuthCache - Auth cache not set in the context
11:40:54.202 [Test worker] DEBUG org.apache.http.client.protocol.RequestTargetAuthentication - Target auth state: UNCHALLENGED
11:40:54.202 [Test worker] DEBUG org.apache.http.client.protocol.RequestProxyAuthentication - Proxy auth state: UNCHALLENGED
11:40:54.202 [Test worker] DEBUG org.apache.http.impl.client.DefaultHttpClient - Attempt 1 to execute request
11:40:54.203 [Test worker] DEBUG org.apache.http.impl.conn.DefaultClientConnection - Sending request: POST /gatewaycbs/BcServicesInt HTTP/1.1
11:40:54.203 [Test worker] DEBUG org.apache.http.wire -  >> "POST /gatewaycbs/BcServicesInt HTTP/1.1[\r][\n]"
11:40:54.203 [Test worker] DEBUG org.apache.http.wire -  >> "Accept: */*[\r][\n]"
11:40:54.203 [Test worker] DEBUG org.apache.http.wire -  >> "Content-Type: text/xml;charset=UTF-8[\r][\n]"
11:40:54.203 [Test worker] DEBUG org.apache.http.wire -  >> "Content-Length: 748[\r][\n]"
11:40:54.203 [Test worker] DEBUG org.apache.http.wire -  >> "Host: 10.65.45.12:9001[\r][\n]"
11:40:54.203 [Test worker] DEBUG org.apache.http.wire -  >> "Connection: Keep-Alive[\r][\n]"
11:40:54.203 [Test worker] DEBUG org.apache.http.wire -  >> "User-Agent: Apache-HttpClient/4.5.9 (Java/1.8.0_301)[\r][\n]"
11:40:54.203 [Test worker] DEBUG org.apache.http.wire -  >> "Accept-Encoding: gzip,deflate[\r][\n]"
11:40:54.203 [Test worker] DEBUG org.apache.http.wire -  >> "[\r][\n]"
11:40:54.203 [Test worker] DEBUG org.apache.http.headers - >> POST /gatewaycbs/BcServicesInt HTTP/1.1
11:40:54.203 [Test worker] DEBUG org.apache.http.headers - >> Accept: */*
11:40:54.203 [Test worker] DEBUG org.apache.http.headers - >> Content-Type: text/xml;charset=UTF-8
11:40:54.203 [Test worker] DEBUG org.apache.http.headers - >> Content-Length: 748
11:40:54.203 [Test worker] DEBUG org.apache.http.headers - >> Host: 10.65.45.12:9001
11:40:54.203 [Test worker] DEBUG org.apache.http.headers - >> Connection: Keep-Alive
11:40:54.203 [Test worker] DEBUG org.apache.http.headers - >> User-Agent: Apache-HttpClient/4.5.9 (Java/1.8.0_301)
11:40:54.203 [Test worker] DEBUG org.apache.http.headers - >> Accept-Encoding: gzip,deflate
11:40:54.203 [Test worker] DEBUG org.apache.http.wire -  >> "<soapenv:Envelope xmlns:bcc="http://www.huawei.com/bme/cbsinterface/bccommon" xmlns:bcs="http://www.huawei.com/bme/cbsinterface/bcservices" xmlns:ws="http://ws.web.gatewaycbs.tigo.com.co/" xmlns:soapenv="http://schemas.xmlsoap.org/soap/envelope/">[\n]"
11:40:54.203 [Test worker] DEBUG org.apache.http.wire -  >> "   <soapenv:Header/>[\n]"
11:40:54.204 [Test worker] DEBUG org.apache.http.wire -  >> "   <soapenv:Body>[\n]"
11:40:54.204 [Test worker] DEBUG org.apache.http.wire -  >> "      <ws:queryCustomerInfo>[\n]"
11:40:54.204 [Test worker] DEBUG org.apache.http.wire -  >> "         <!--Optional:-->[\n]"
11:40:54.204 [Test worker] DEBUG org.apache.http.wire -  >> "         <QueryCustomerInfoRequest>[\n]"
11:40:54.204 [Test worker] DEBUG org.apache.http.wire -  >> "            <bcs:QueryObj>[\n]"
11:40:54.204 [Test worker] DEBUG org.apache.http.wire -  >> "               <!--Optional:-->[\n]"
11:40:54.204 [Test worker] DEBUG org.apache.http.wire -  >> "               <bcs:SubAccessCode>[\n]"
11:40:54.204 [Test worker] DEBUG org.apache.http.wire -  >> "                  <!--Optional:-->[\n]"
11:40:54.204 [Test worker] DEBUG org.apache.http.wire -  >> "                  <bcc:PrimaryIdentity>3016875982</bcc:PrimaryIdentity>[\n]"
11:40:54.204 [Test worker] DEBUG org.apache.http.wire -  >> "               </bcs:SubAccessCode>[\n]"
11:40:54.204 [Test worker] DEBUG org.apache.http.wire -  >> "            </bcs:QueryObj>[\n]"
11:40:54.204 [Test worker] DEBUG org.apache.http.wire -  >> "         </QueryCustomerInfoRequest>[\n]"
11:40:54.204 [Test worker] DEBUG org.apache.http.wire -  >> "      </ws:queryCustomerInfo>[\n]"
11:40:54.204 [Test worker] DEBUG org.apache.http.wire -  >> "   </soapenv:Body>[\n]"
11:40:54.204 [Test worker] DEBUG org.apache.http.wire -  >> "</soapenv:Envelope>"
11:40:54.267 [Test worker] DEBUG org.apache.http.wire -  << "HTTP/1.1 200 OK[\r][\n]"
11:40:54.267 [Test worker] DEBUG org.apache.http.wire -  << "Date: Tue, 15 Feb 2022 16:40:54 GMT[\r][\n]"
11:40:54.267 [Test worker] DEBUG org.apache.http.wire -  << "Transfer-Encoding: chunked[\r][\n]"
11:40:54.267 [Test worker] DEBUG org.apache.http.wire -  << "Content-Type: text/xml; charset=utf-8[\r][\n]"
11:40:54.267 [Test worker] DEBUG org.apache.http.wire -  << "[\r][\n]"
11:40:54.267 [Test worker] DEBUG org.apache.http.impl.conn.DefaultClientConnection - Receiving response: HTTP/1.1 200 OK
11:40:54.267 [Test worker] DEBUG org.apache.http.headers - << HTTP/1.1 200 OK
11:40:54.267 [Test worker] DEBUG org.apache.http.headers - << Date: Tue, 15 Feb 2022 16:40:54 GMT
11:40:54.267 [Test worker] DEBUG org.apache.http.headers - << Transfer-Encoding: chunked
11:40:54.267 [Test worker] DEBUG org.apache.http.headers - << Content-Type: text/xml; charset=utf-8
11:40:54.267 [Test worker] DEBUG org.apache.http.impl.client.DefaultHttpClient - Connection can be kept alive indefinitely
11:40:54.267 [Test worker] DEBUG io.restassured.internal.RequestSpecificationImpl$RestAssuredHttpBuilder - Parsing response as: text/xml; charset=utf-8
11:40:54.267 [Test worker] DEBUG io.restassured.internal.RequestSpecificationImpl$RestAssuredHttpBuilder - Parsed data to instance of: class org.apache.http.conn.EofSensorInputStream
11:40:54.283 [Test worker] DEBUG org.apache.http.wire -  << "006e[\r][\n]"
11:40:54.283 [Test worker] DEBUG org.apache.http.wire -  << "<?xml version='1.0' encoding='UTF-8'?><S:Envelope xmlns:S="http://schemas.xmlsoap.org/soap/envelope/"><S:Body>"
11:40:54.283 [Test worker] DEBUG org.apache.http.wire -  << "[\r][\n]"
11:40:54.283 [Test worker] DEBUG org.apache.http.wire -  << "01f8[\r][\n]"
11:40:54.283 [Test worker] DEBUG org.apache.http.wire -  << "<ns4:queryCustomerInfoResponse xmlns:ns2="http://www.huawei.com/bme/cbsinterface/bccommon" xmlns:ns3="http://www.huawei.com/bme/cbsinterface/bcservices" xmlns:ns4="http://ws.web.gatewaycbs.tigo.com.co/" xmlns:ns5="http://www.huawei.com/bme/cbsinterface/cbscommon"><return><ResultHeader><ns5:Version>1</ns5:Version><ns5:ResultCode>118030260</ns5:ResultCode><ns5:ResultDesc>Subscriber 3016875982 does not exist.</ns5:ResultDesc></ResultHeader></return></ns4:queryCustomerInfoResponse></S:Body></S:Envelope>"
11:40:54.283 [Test worker] DEBUG org.apache.http.wire -  << "[\r][\n]"
11:40:54.283 [Test worker] DEBUG org.apache.http.wire -  << "0000[\r][\n]"
11:40:54.283 [Test worker] DEBUG org.apache.http.wire -  << "[\r][\n]"
11:40:54.283 [Test worker] DEBUG org.apache.http.impl.conn.BasicClientConnectionManager - Releasing connection org.apache.http.impl.conn.ManagedClientConnectionImpl@2b42bd77
11:40:54.283 [Test worker] DEBUG org.apache.http.impl.conn.BasicClientConnectionManager - Connection can be kept alive indefinitely
La linea 3016875982 no esta activa
se ejecuta correctamente DB Activator
11:40:54.652 [Finalizer] DEBUG org.apache.http.impl.conn.DefaultClientConnection - Connection 0.0.0.0:51574<->10.65.45.12:9001 closed
11:40:54.662 [Finalizer] DEBUG org.apache.http.impl.conn.DefaultClientConnection - Connection 0.0.0.0:51569<->10.65.45.12:9001 closed
se ejecuta correctamente  DB EPOS
se ejecuta correctamente DB Siebel
se ejecuta correctamente DB Postale
11:40:59.212 [Test worker] DEBUG org.apache.http.impl.conn.BasicClientConnectionManager - Get connection for route {}->http://10.65.45.12:9001
11:40:59.212 [Test worker] DEBUG org.apache.http.impl.conn.DefaultClientConnectionOperator - Connecting to 10.65.45.12:9001
11:40:59.268 [Test worker] DEBUG org.apache.http.client.protocol.RequestAddCookies - CookieSpec selected: ignoreCookies
11:40:59.268 [Test worker] DEBUG org.apache.http.client.protocol.RequestAuthCache - Auth cache not set in the context
11:40:59.268 [Test worker] DEBUG org.apache.http.client.protocol.RequestTargetAuthentication - Target auth state: UNCHALLENGED
11:40:59.268 [Test worker] DEBUG org.apache.http.client.protocol.RequestProxyAuthentication - Proxy auth state: UNCHALLENGED
11:40:59.268 [Test worker] DEBUG org.apache.http.impl.client.DefaultHttpClient - Attempt 1 to execute request
11:40:59.268 [Test worker] DEBUG org.apache.http.impl.conn.DefaultClientConnection - Sending request: POST /gatewaycbs/BcServicesInt HTTP/1.1
11:40:59.268 [Test worker] DEBUG org.apache.http.wire -  >> "POST /gatewaycbs/BcServicesInt HTTP/1.1[\r][\n]"
11:40:59.268 [Test worker] DEBUG org.apache.http.wire -  >> "Accept: */*[\r][\n]"
11:40:59.268 [Test worker] DEBUG org.apache.http.wire -  >> "Content-Type: text/xml;charset=UTF-8[\r][\n]"
11:40:59.268 [Test worker] DEBUG org.apache.http.wire -  >> "Content-Length: 748[\r][\n]"
11:40:59.268 [Test worker] DEBUG org.apache.http.wire -  >> "Host: 10.65.45.12:9001[\r][\n]"
11:40:59.268 [Test worker] DEBUG org.apache.http.wire -  >> "Connection: Keep-Alive[\r][\n]"
11:40:59.269 [Test worker] DEBUG org.apache.http.wire -  >> "User-Agent: Apache-HttpClient/4.5.9 (Java/1.8.0_301)[\r][\n]"
11:40:59.269 [Test worker] DEBUG org.apache.http.wire -  >> "Accept-Encoding: gzip,deflate[\r][\n]"
11:40:59.269 [Test worker] DEBUG org.apache.http.wire -  >> "[\r][\n]"
11:40:59.269 [Test worker] DEBUG org.apache.http.headers - >> POST /gatewaycbs/BcServicesInt HTTP/1.1
11:40:59.269 [Test worker] DEBUG org.apache.http.headers - >> Accept: */*
11:40:59.269 [Test worker] DEBUG org.apache.http.headers - >> Content-Type: text/xml;charset=UTF-8
11:40:59.269 [Test worker] DEBUG org.apache.http.headers - >> Content-Length: 748
11:40:59.269 [Test worker] DEBUG org.apache.http.headers - >> Host: 10.65.45.12:9001
11:40:59.269 [Test worker] DEBUG org.apache.http.headers - >> Connection: Keep-Alive
11:40:59.269 [Test worker] DEBUG org.apache.http.headers - >> User-Agent: Apache-HttpClient/4.5.9 (Java/1.8.0_301)
11:40:59.269 [Test worker] DEBUG org.apache.http.headers - >> Accept-Encoding: gzip,deflate
11:40:59.270 [Test worker] DEBUG org.apache.http.wire -  >> "<soapenv:Envelope xmlns:bcc="http://www.huawei.com/bme/cbsinterface/bccommon" xmlns:bcs="http://www.huawei.com/bme/cbsinterface/bcservices" xmlns:ws="http://ws.web.gatewaycbs.tigo.com.co/" xmlns:soapenv="http://schemas.xmlsoap.org/soap/envelope/">[\n]"
11:40:59.270 [Test worker] DEBUG org.apache.http.wire -  >> "   <soapenv:Header/>[\n]"
11:40:59.270 [Test worker] DEBUG org.apache.http.wire -  >> "   <soapenv:Body>[\n]"
11:40:59.270 [Test worker] DEBUG org.apache.http.wire -  >> "      <ws:queryCustomerInfo>[\n]"
11:40:59.270 [Test worker] DEBUG org.apache.http.wire -  >> "         <!--Optional:-->[\n]"
11:40:59.270 [Test worker] DEBUG org.apache.http.wire -  >> "         <QueryCustomerInfoRequest>[\n]"
11:40:59.270 [Test worker] DEBUG org.apache.http.wire -  >> "            <bcs:QueryObj>[\n]"
11:40:59.270 [Test worker] DEBUG org.apache.http.wire -  >> "               <!--Optional:-->[\n]"
11:40:59.270 [Test worker] DEBUG org.apache.http.wire -  >> "               <bcs:SubAccessCode>[\n]"
11:40:59.270 [Test worker] DEBUG org.apache.http.wire -  >> "                  <!--Optional:-->[\n]"
11:40:59.270 [Test worker] DEBUG org.apache.http.wire -  >> "                  <bcc:PrimaryIdentity>3016877411</bcc:PrimaryIdentity>[\n]"
11:40:59.270 [Test worker] DEBUG org.apache.http.wire -  >> "               </bcs:SubAccessCode>[\n]"
11:40:59.270 [Test worker] DEBUG org.apache.http.wire -  >> "            </bcs:QueryObj>[\n]"
11:40:59.270 [Test worker] DEBUG org.apache.http.wire -  >> "         </QueryCustomerInfoRequest>[\n]"
11:40:59.270 [Test worker] DEBUG org.apache.http.wire -  >> "      </ws:queryCustomerInfo>[\n]"
11:40:59.270 [Test worker] DEBUG org.apache.http.wire -  >> "   </soapenv:Body>[\n]"
11:40:59.270 [Test worker] DEBUG org.apache.http.wire -  >> "</soapenv:Envelope>"
11:40:59.333 [Test worker] DEBUG org.apache.http.wire -  << "HTTP/1.1 200 OK[\r][\n]"
11:40:59.333 [Test worker] DEBUG org.apache.http.wire -  << "Date: Tue, 15 Feb 2022 16:40:59 GMT[\r][\n]"
11:40:59.333 [Test worker] DEBUG org.apache.http.wire -  << "Transfer-Encoding: chunked[\r][\n]"
11:40:59.333 [Test worker] DEBUG org.apache.http.wire -  << "Content-Type: text/xml; charset=utf-8[\r][\n]"
11:40:59.333 [Test worker] DEBUG org.apache.http.wire -  << "[\r][\n]"
11:40:59.333 [Test worker] DEBUG org.apache.http.impl.conn.DefaultClientConnection - Receiving response: HTTP/1.1 200 OK
11:40:59.333 [Test worker] DEBUG org.apache.http.headers - << HTTP/1.1 200 OK
11:40:59.333 [Test worker] DEBUG org.apache.http.headers - << Date: Tue, 15 Feb 2022 16:40:59 GMT
11:40:59.333 [Test worker] DEBUG org.apache.http.headers - << Transfer-Encoding: chunked
11:40:59.333 [Test worker] DEBUG org.apache.http.headers - << Content-Type: text/xml; charset=utf-8
11:40:59.333 [Test worker] DEBUG org.apache.http.impl.client.DefaultHttpClient - Connection can be kept alive indefinitely
11:40:59.333 [Test worker] DEBUG io.restassured.internal.RequestSpecificationImpl$RestAssuredHttpBuilder - Parsing response as: text/xml; charset=utf-8
11:40:59.333 [Test worker] DEBUG io.restassured.internal.RequestSpecificationImpl$RestAssuredHttpBuilder - Parsed data to instance of: class org.apache.http.conn.EofSensorInputStream
11:40:59.333 [Test worker] DEBUG org.apache.http.wire -  << "006e[\r][\n]"
11:40:59.333 [Test worker] DEBUG org.apache.http.wire -  << "<?xml version='1.0' encoding='UTF-8'?><S:Envelope xmlns:S="http://schemas.xmlsoap.org/soap/envelope/"><S:Body>"
11:40:59.333 [Test worker] DEBUG org.apache.http.wire -  << "[\r][\n]"
11:40:59.333 [Test worker] DEBUG org.apache.http.wire -  << "01f8[\r][\n]"
11:40:59.333 [Test worker] DEBUG org.apache.http.wire -  << "<ns4:queryCustomerInfoResponse xmlns:ns2="http://www.huawei.com/bme/cbsinterface/bccommon" xmlns:ns3="http://www.huawei.com/bme/cbsinterface/bcservices" xmlns:ns4="http://ws.web.gatewaycbs.tigo.com.co/" xmlns:ns5="http://www.huawei.com/bme/cbsinterface/cbscommon"><return><ResultHeader><ns5:Version>1</ns5:Version><ns5:ResultCode>118030260</ns5:ResultCode><ns5:ResultDesc>Subscriber 3016877411 does not exist.</ns5:ResultDesc></ResultHeader></return></ns4:queryCustomerInfoResponse></S:Body></S:Envelope>"
11:40:59.333 [Test worker] DEBUG org.apache.http.wire -  << "[\r][\n]"
11:40:59.333 [Test worker] DEBUG org.apache.http.wire -  << "0000[\r][\n]"
11:40:59.333 [Test worker] DEBUG org.apache.http.wire -  << "[\r][\n]"
11:40:59.333 [Test worker] DEBUG org.apache.http.impl.conn.BasicClientConnectionManager - Releasing connection org.apache.http.impl.conn.ManagedClientConnectionImpl@2325988d
11:40:59.333 [Test worker] DEBUG org.apache.http.impl.conn.BasicClientConnectionManager - Connection can be kept alive indefinitely
La linea 3016877411 no esta activa
se ejecuta correctamente DB Activator
se ejecuta correctamente  DB EPOS
se ejecuta correctamente DB Siebel
se ejecuta correctamente DB Postale
11:41:04.278 [Test worker] DEBUG org.apache.http.impl.conn.BasicClientConnectionManager - Get connection for route {}->http://10.65.45.12:9001
11:41:04.278 [Test worker] DEBUG org.apache.http.impl.conn.DefaultClientConnectionOperator - Connecting to 10.65.45.12:9001
11:41:04.311 [Test worker] DEBUG org.apache.http.client.protocol.RequestAddCookies - CookieSpec selected: ignoreCookies
11:41:04.311 [Test worker] DEBUG org.apache.http.client.protocol.RequestAuthCache - Auth cache not set in the context
11:41:04.311 [Test worker] DEBUG org.apache.http.client.protocol.RequestTargetAuthentication - Target auth state: UNCHALLENGED
11:41:04.311 [Test worker] DEBUG org.apache.http.client.protocol.RequestProxyAuthentication - Proxy auth state: UNCHALLENGED
11:41:04.311 [Test worker] DEBUG org.apache.http.impl.client.DefaultHttpClient - Attempt 1 to execute request
11:41:04.311 [Test worker] DEBUG org.apache.http.impl.conn.DefaultClientConnection - Sending request: POST /gatewaycbs/BcServicesInt HTTP/1.1
11:41:04.311 [Test worker] DEBUG org.apache.http.wire -  >> "POST /gatewaycbs/BcServicesInt HTTP/1.1[\r][\n]"
11:41:04.311 [Test worker] DEBUG org.apache.http.wire -  >> "Accept: */*[\r][\n]"
11:41:04.311 [Test worker] DEBUG org.apache.http.wire -  >> "Content-Type: text/xml;charset=UTF-8[\r][\n]"
11:41:04.311 [Test worker] DEBUG org.apache.http.wire -  >> "Content-Length: 748[\r][\n]"
11:41:04.311 [Test worker] DEBUG org.apache.http.wire -  >> "Host: 10.65.45.12:9001[\r][\n]"
11:41:04.311 [Test worker] DEBUG org.apache.http.wire -  >> "Connection: Keep-Alive[\r][\n]"
11:41:04.311 [Test worker] DEBUG org.apache.http.wire -  >> "User-Agent: Apache-HttpClient/4.5.9 (Java/1.8.0_301)[\r][\n]"
11:41:04.311 [Test worker] DEBUG org.apache.http.wire -  >> "Accept-Encoding: gzip,deflate[\r][\n]"
11:41:04.311 [Test worker] DEBUG org.apache.http.wire -  >> "[\r][\n]"
11:41:04.311 [Test worker] DEBUG org.apache.http.headers - >> POST /gatewaycbs/BcServicesInt HTTP/1.1
11:41:04.311 [Test worker] DEBUG org.apache.http.headers - >> Accept: */*
11:41:04.311 [Test worker] DEBUG org.apache.http.headers - >> Content-Type: text/xml;charset=UTF-8
11:41:04.311 [Test worker] DEBUG org.apache.http.headers - >> Content-Length: 748
11:41:04.311 [Test worker] DEBUG org.apache.http.headers - >> Host: 10.65.45.12:9001
11:41:04.311 [Test worker] DEBUG org.apache.http.headers - >> Connection: Keep-Alive
11:41:04.311 [Test worker] DEBUG org.apache.http.headers - >> User-Agent: Apache-HttpClient/4.5.9 (Java/1.8.0_301)
11:41:04.311 [Test worker] DEBUG org.apache.http.headers - >> Accept-Encoding: gzip,deflate
11:41:04.311 [Test worker] DEBUG org.apache.http.wire -  >> "<soapenv:Envelope xmlns:bcc="http://www.huawei.com/bme/cbsinterface/bccommon" xmlns:bcs="http://www.huawei.com/bme/cbsinterface/bcservices" xmlns:ws="http://ws.web.gatewaycbs.tigo.com.co/" xmlns:soapenv="http://schemas.xmlsoap.org/soap/envelope/">[\n]"
11:41:04.311 [Test worker] DEBUG org.apache.http.wire -  >> "   <soapenv:Header/>[\n]"
11:41:04.311 [Test worker] DEBUG org.apache.http.wire -  >> "   <soapenv:Body>[\n]"
11:41:04.311 [Test worker] DEBUG org.apache.http.wire -  >> "      <ws:queryCustomerInfo>[\n]"
11:41:04.311 [Test worker] DEBUG org.apache.http.wire -  >> "         <!--Optional:-->[\n]"
11:41:04.311 [Test worker] DEBUG org.apache.http.wire -  >> "         <QueryCustomerInfoRequest>[\n]"
11:41:04.311 [Test worker] DEBUG org.apache.http.wire -  >> "            <bcs:QueryObj>[\n]"
11:41:04.311 [Test worker] DEBUG org.apache.http.wire -  >> "               <!--Optional:-->[\n]"
11:41:04.311 [Test worker] DEBUG org.apache.http.wire -  >> "               <bcs:SubAccessCode>[\n]"
11:41:04.311 [Test worker] DEBUG org.apache.http.wire -  >> "                  <!--Optional:-->[\n]"
11:41:04.311 [Test worker] DEBUG org.apache.http.wire -  >> "                  <bcc:PrimaryIdentity>3016876876</bcc:PrimaryIdentity>[\n]"
11:41:04.311 [Test worker] DEBUG org.apache.http.wire -  >> "               </bcs:SubAccessCode>[\n]"
11:41:04.311 [Test worker] DEBUG org.apache.http.wire -  >> "            </bcs:QueryObj>[\n]"
11:41:04.311 [Test worker] DEBUG org.apache.http.wire -  >> "         </QueryCustomerInfoRequest>[\n]"
11:41:04.311 [Test worker] DEBUG org.apache.http.wire -  >> "      </ws:queryCustomerInfo>[\n]"
11:41:04.311 [Test worker] DEBUG org.apache.http.wire -  >> "   </soapenv:Body>[\n]"
11:41:04.311 [Test worker] DEBUG org.apache.http.wire -  >> "</soapenv:Envelope>"
11:41:04.393 [Test worker] DEBUG org.apache.http.wire -  << "HTTP/1.1 200 OK[\r][\n]"
11:41:04.393 [Test worker] DEBUG org.apache.http.wire -  << "Date: Tue, 15 Feb 2022 16:41:04 GMT[\r][\n]"
11:41:04.393 [Test worker] DEBUG org.apache.http.wire -  << "Transfer-Encoding: chunked[\r][\n]"
11:41:04.393 [Test worker] DEBUG org.apache.http.wire -  << "Content-Type: text/xml; charset=utf-8[\r][\n]"
11:41:04.393 [Test worker] DEBUG org.apache.http.wire -  << "[\r][\n]"
11:41:04.393 [Test worker] DEBUG org.apache.http.impl.conn.DefaultClientConnection - Receiving response: HTTP/1.1 200 OK
11:41:04.393 [Test worker] DEBUG org.apache.http.headers - << HTTP/1.1 200 OK
11:41:04.393 [Test worker] DEBUG org.apache.http.headers - << Date: Tue, 15 Feb 2022 16:41:04 GMT
11:41:04.393 [Test worker] DEBUG org.apache.http.headers - << Transfer-Encoding: chunked
11:41:04.393 [Test worker] DEBUG org.apache.http.headers - << Content-Type: text/xml; charset=utf-8
11:41:04.393 [Test worker] DEBUG org.apache.http.impl.client.DefaultHttpClient - Connection can be kept alive indefinitely
11:41:04.393 [Test worker] DEBUG io.restassured.internal.RequestSpecificationImpl$RestAssuredHttpBuilder - Parsing response as: text/xml; charset=utf-8
11:41:04.393 [Test worker] DEBUG io.restassured.internal.RequestSpecificationImpl$RestAssuredHttpBuilder - Parsed data to instance of: class org.apache.http.conn.EofSensorInputStream
11:41:04.393 [Test worker] DEBUG org.apache.http.wire -  << "006e[\r][\n]"
11:41:04.393 [Test worker] DEBUG org.apache.http.wire -  << "<?xml version='1.0' encoding='UTF-8'?><S:Envelope xmlns:S="http://schemas.xmlsoap.org/soap/envelope/"><S:Body>"
11:41:04.393 [Test worker] DEBUG org.apache.http.wire -  << "[\r][\n]"
11:41:04.393 [Test worker] DEBUG org.apache.http.wire -  << "01f8[\r][\n]"
11:41:04.393 [Test worker] DEBUG org.apache.http.wire -  << "<ns4:queryCustomerInfoResponse xmlns:ns2="http://www.huawei.com/bme/cbsinterface/bccommon" xmlns:ns3="http://www.huawei.com/bme/cbsinterface/bcservices" xmlns:ns4="http://ws.web.gatewaycbs.tigo.com.co/" xmlns:ns5="http://www.huawei.com/bme/cbsinterface/cbscommon"><return><ResultHeader><ns5:Version>1</ns5:Version><ns5:ResultCode>118030260</ns5:ResultCode><ns5:ResultDesc>Subscriber 3016876876 does not exist.</ns5:ResultDesc></ResultHeader></return></ns4:queryCustomerInfoResponse></S:Body></S:Envelope>"
11:41:04.393 [Test worker] DEBUG org.apache.http.wire -  << "[\r][\n]"
11:41:04.393 [Test worker] DEBUG org.apache.http.wire -  << "0000[\r][\n]"
11:41:04.393 [Test worker] DEBUG org.apache.http.wire -  << "[\r][\n]"
11:41:04.393 [Test worker] DEBUG org.apache.http.impl.conn.BasicClientConnectionManager - Releasing connection org.apache.http.impl.conn.ManagedClientConnectionImpl@1135030d
11:41:04.393 [Test worker] DEBUG org.apache.http.impl.conn.BasicClientConnectionManager - Connection can be kept alive indefinitely
La linea 3016876876 no esta activa
se ejecuta correctamente DB Activator
se ejecuta correctamente  DB EPOS
se ejecuta correctamente DB Siebel
11:41:08.988 [Finalizer] DEBUG org.apache.http.impl.conn.DefaultClientConnection - Connection 0.0.0.0:51587<->10.65.45.12:9001 closed
11:41:09.002 [Finalizer] DEBUG org.apache.http.impl.conn.DefaultClientConnection - Connection 0.0.0.0:51579<->10.65.45.12:9001 closed
se ejecuta correctamente DB Postale
11:41:09.686 [Test worker] INFO net.serenitybdd.core.webdriver.driverproviders.ProvideNewDriver - Instantiating driver
11:41:09.686 [Test worker] INFO net.serenitybdd.core.webdriver.driverproviders.ProvideNewDriver - Driver capabilities: Capabilities {acceptInsecureCerts: true, browserName: firefox, firefox_profile: org.openqa.selenium.firefox..., headless: false, loggingPrefs: org.openqa.selenium.logging..., marionette: true, moz:firefoxOptions: {}, platform: ANY, version: }
11:41:13.803 [Test worker] DEBUG net.serenitybdd.core.photography.Darkroom - Opening darkroom
11:41:13.805 [Darkroom Processing Line] DEBUG net.serenitybdd.core.photography.DarkroomProcessingLine - Darkroom processing line starting up
11:41:13.970 [Test worker] DEBUG net.serenitybdd.core.photography.Darkroom - Send negative for processing for C:\Sanity Ambientes\PrepaidAutomation - copia (2)\target\site\serenity\80f08c17edcdc302c853d767d413ab0d248e8c7b4d52bc4cdb9a0129ecbb8577.png
11:41:14.417 [Test worker] DEBUG net.serenitybdd.core.photography.Darkroom - Send negative for processing for C:\Sanity Ambientes\PrepaidAutomation - copia (2)\target\site\serenity\77fb9fdf56fabbd07f7b3120f79f82026e1260dcf93e4d71039de8e257830a39.png
11:41:16.233 [Test worker] DEBUG net.serenitybdd.core.photography.Darkroom - Send negative for processing for C:\Sanity Ambientes\PrepaidAutomation - copia (2)\target\site\serenity\9bddcc9322ce4ca68d8916d7c236f0b3b51f5d4c9743304f09824d80eb7ec28c.png
11:41:16.234 [Darkroom Processing Line] DEBUG net.serenitybdd.core.photography.DarkroomProcessingLine - Processing screenshot image in /var/screenshots/screenshot-2350099992356754596
11:41:16.234 [Darkroom Processing Line] DEBUG net.serenitybdd.core.photography.DarkroomProcessingLine - Saving screenshot to C:\Sanity Ambientes\PrepaidAutomation - copia (2)\target\site\serenity\9bddcc9322ce4ca68d8916d7c236f0b3b51f5d4c9743304f09824d80eb7ec28c.png
11:41:17.638 [Test worker] DEBUG net.serenitybdd.core.photography.Darkroom - Send negative for processing for C:\Sanity Ambientes\PrepaidAutomation - copia (2)\target\site\serenity\c0a44346d928903d5070e39bd94c666cc217ca26ed4aa258ffb8e6750bbd5926.png
11:41:17.639 [Darkroom Processing Line] DEBUG net.serenitybdd.core.photography.DarkroomProcessingLine - Processing screenshot image in /var/screenshots/screenshot-1795701782045762232
11:41:17.639 [Darkroom Processing Line] DEBUG net.serenitybdd.core.photography.DarkroomProcessingLine - Saving screenshot to C:\Sanity Ambientes\PrepaidAutomation - copia (2)\target\site\serenity\c0a44346d928903d5070e39bd94c666cc217ca26ed4aa258ffb8e6750bbd5926.png
11:41:18.169 [Test worker] DEBUG net.serenitybdd.core.photography.Darkroom - Send negative for processing for C:\Sanity Ambientes\PrepaidAutomation - copia (2)\target\site\serenity\344bff9d70a99969729aef5b84d090a189bb6cf4054586b53822da1f6e4c1c54.png
11:41:18.170 [Darkroom Processing Line] DEBUG net.serenitybdd.core.photography.DarkroomProcessingLine - Processing screenshot image in /var/screenshots/screenshot-2850067007724781044
11:41:18.170 [Darkroom Processing Line] DEBUG net.serenitybdd.core.photography.DarkroomProcessingLine - Saving screenshot to C:\Sanity Ambientes\PrepaidAutomation - copia (2)\target\site\serenity\344bff9d70a99969729aef5b84d090a189bb6cf4054586b53822da1f6e4c1c54.png
11:41:18.948 [Test worker] DEBUG net.serenitybdd.core.photography.Darkroom - Send negative for processing for C:\Sanity Ambientes\PrepaidAutomation - copia (2)\target\site\serenity\f2011535552ce8a2ccbc322b5f51f26692470de1d83dde40b95699a2d3af6c20.png
11:41:18.950 [Darkroom Processing Line] DEBUG net.serenitybdd.core.photography.DarkroomProcessingLine - Processing screenshot image in /var/screenshots/screenshot-8528013888126619525
11:41:18.950 [Darkroom Processing Line] DEBUG net.serenitybdd.core.photography.DarkroomProcessingLine - Saving screenshot to C:\Sanity Ambientes\PrepaidAutomation - copia (2)\target\site\serenity\f2011535552ce8a2ccbc322b5f51f26692470de1d83dde40b95699a2d3af6c20.png
11:41:19.809 [Test worker] DEBUG net.serenitybdd.core.photography.Darkroom - Send negative for processing for C:\Sanity Ambientes\PrepaidAutomation - copia (2)\target\site\serenity\aa172d09960b04b89e3fe515ea953299df7ae5450107ed1b9a2e61bf34bf31ef.png
11:41:19.812 [Darkroom Processing Line] DEBUG net.serenitybdd.core.photography.DarkroomProcessingLine - Processing screenshot image in /var/screenshots/screenshot-8518331324573105349
11:41:19.812 [Darkroom Processing Line] DEBUG net.serenitybdd.core.photography.DarkroomProcessingLine - Saving screenshot to C:\Sanity Ambientes\PrepaidAutomation - copia (2)\target\site\serenity\aa172d09960b04b89e3fe515ea953299df7ae5450107ed1b9a2e61bf34bf31ef.png
11:41:20.720 [Test worker] DEBUG net.serenitybdd.core.photography.Darkroom - Send negative for processing for C:\Sanity Ambientes\PrepaidAutomation - copia (2)\target\site\serenity\24484329f5f673c61b316cc22fbee204b0e89afcf05af878fa5082f07d6ae772.png
11:41:20.722 [Darkroom Processing Line] DEBUG net.serenitybdd.core.photography.DarkroomProcessingLine - Processing screenshot image in /var/screenshots/screenshot-5518913177737205731
11:41:20.722 [Darkroom Processing Line] DEBUG net.serenitybdd.core.photography.DarkroomProcessingLine - Saving screenshot to C:\Sanity Ambientes\PrepaidAutomation - copia (2)\target\site\serenity\24484329f5f673c61b316cc22fbee204b0e89afcf05af878fa5082f07d6ae772.png
11:41:23.430 [Test worker] DEBUG net.serenitybdd.core.photography.Darkroom - Send negative for processing for C:\Sanity Ambientes\PrepaidAutomation - copia (2)\target\site\serenity\cc9a0ad1a40da695bfa50bd16bc7c35ff12c6d4a75148f4e25c34029ce262e91.png
11:41:23.446 [Darkroom Processing Line] DEBUG net.serenitybdd.core.photography.DarkroomProcessingLine - Processing screenshot image in /var/screenshots/screenshot-4809841216885683273
11:41:23.446 [Darkroom Processing Line] DEBUG net.serenitybdd.core.photography.DarkroomProcessingLine - Saving screenshot to C:\Sanity Ambientes\PrepaidAutomation - copia (2)\target\site\serenity\cc9a0ad1a40da695bfa50bd16bc7c35ff12c6d4a75148f4e25c34029ce262e91.png
11:41:24.025 [Test worker] DEBUG net.serenitybdd.core.photography.Darkroom - Send negative for processing for C:\Sanity Ambientes\PrepaidAutomation - copia (2)\target\site\serenity\731edb2aec003e564f01f1bf51f1cfb1eac63cd534a92811a313607c9066f47f.png
11:41:24.025 [Darkroom Processing Line] DEBUG net.serenitybdd.core.photography.DarkroomProcessingLine - Processing screenshot image in /var/screenshots/screenshot-5508619119885540219
11:41:24.025 [Darkroom Processing Line] DEBUG net.serenitybdd.core.photography.DarkroomProcessingLine - Saving screenshot to C:\Sanity Ambientes\PrepaidAutomation - copia (2)\target\site\serenity\731edb2aec003e564f01f1bf51f1cfb1eac63cd534a92811a313607c9066f47f.png
11:41:26.661 [Test worker] DEBUG net.serenitybdd.core.photography.Darkroom - Send negative for processing for C:\Sanity Ambientes\PrepaidAutomation - copia (2)\target\site\serenity\6a23b5b3a63849c23e8afc7310c9c6cb7d469039f42aaef5b850f6df444fff6a.png
11:41:26.661 [Darkroom Processing Line] DEBUG net.serenitybdd.core.photography.DarkroomProcessingLine - Processing screenshot image in /var/screenshots/screenshot-7027979426803731711
11:41:26.661 [Darkroom Processing Line] DEBUG net.serenitybdd.core.photography.DarkroomProcessingLine - Saving screenshot to C:\Sanity Ambientes\PrepaidAutomation - copia (2)\target\site\serenity\6a23b5b3a63849c23e8afc7310c9c6cb7d469039f42aaef5b850f6df444fff6a.png
11:41:29.615 [Test worker] DEBUG net.serenitybdd.core.photography.Darkroom - Send negative for processing for C:\Sanity Ambientes\PrepaidAutomation - copia (2)\target\site\serenity\ec763b7c3915e691aa75707b36e940d02cd983744f71383dc8c6e162758fa195.png
11:41:32.126 [Test worker] INFO net.thucydides.core.steps.ConsoleLoggingListener - ?[92m
        __    _____ _____ ____ _____   ____   _    ____  ____  _____ ____  
  _     \ \  |_   _| ____/ ___|_   _| |  _ \ / \  / ___|/ ___|| ____|  _ \ 
 (_)_____| |   | | |  _| \___ \ | |   | |_) / _ \ \___ \\___ \|  _| | | | |
  _|_____| |   | | | |___ ___) || |   |  __/ ___ \ ___) |___) | |___| |_| |
 (_)     | |   |_| |_____|____/ |_|   |_| /_/   \_\____/|____/|_____|____/ 
        /_/                                                                

TEST PASSED: se quiere ingresar a la plataforma epos
----------------------------------------------------------------------------?[0m
11:41:32.298 [Test worker] INFO net.serenitybdd.core.webdriver.driverproviders.ProvideNewDriver - Instantiating driver
11:41:32.298 [Test worker] INFO net.serenitybdd.core.webdriver.driverproviders.ProvideNewDriver - Driver capabilities: Capabilities {acceptInsecureCerts: true, browserName: firefox, firefox_profile: org.openqa.selenium.firefox..., headless: false, loggingPrefs: org.openqa.selenium.logging..., marionette: true, moz:firefoxOptions: {}, platform: ANY, version: }
11:41:36.002 [Test worker] DEBUG net.serenitybdd.core.photography.Darkroom - Send negative for processing for C:\Sanity Ambientes\PrepaidAutomation - copia (2)\target\site\serenity\80f08c17edcdc302c853d767d413ab0d248e8c7b4d52bc4cdb9a0129ecbb8577.png
11:41:36.496 [Test worker] DEBUG net.serenitybdd.core.photography.Darkroom - Send negative for processing for C:\Sanity Ambientes\PrepaidAutomation - copia (2)\target\site\serenity\77fb9fdf56fabbd07f7b3120f79f82026e1260dcf93e4d71039de8e257830a39.png
11:41:38.180 [Test worker] DEBUG net.serenitybdd.core.photography.Darkroom - Send negative for processing for C:\Sanity Ambientes\PrepaidAutomation - copia (2)\target\site\serenity\9bddcc9322ce4ca68d8916d7c236f0b3b51f5d4c9743304f09824d80eb7ec28c.png
11:41:40.479 [Test worker] DEBUG net.serenitybdd.core.photography.Darkroom - Send negative for processing for C:\Sanity Ambientes\PrepaidAutomation - copia (2)\target\site\serenity\f075749ad546521d9277530a4debecceca486ccbef41a281d42b11fa3fea0fdc.png
11:41:40.481 [Darkroom Processing Line] DEBUG net.serenitybdd.core.photography.DarkroomProcessingLine - Processing screenshot image in /var/screenshots/screenshot-9069999792070395464
11:41:40.481 [Darkroom Processing Line] DEBUG net.serenitybdd.core.photography.DarkroomProcessingLine - Saving screenshot to C:\Sanity Ambientes\PrepaidAutomation - copia (2)\target\site\serenity\f075749ad546521d9277530a4debecceca486ccbef41a281d42b11fa3fea0fdc.png
11:41:42.352 [Test worker] DEBUG net.serenitybdd.core.photography.Darkroom - Send negative for processing for C:\Sanity Ambientes\PrepaidAutomation - copia (2)\target\site\serenity\256631fd5cb4127927542b21fd74affdc70a9cb732992ba411c11bcb64c6d70e.png
11:41:42.354 [Darkroom Processing Line] DEBUG net.serenitybdd.core.photography.DarkroomProcessingLine - Processing screenshot image in /var/screenshots/screenshot-8995101557535953346
11:41:42.354 [Darkroom Processing Line] DEBUG net.serenitybdd.core.photography.DarkroomProcessingLine - Saving screenshot to C:\Sanity Ambientes\PrepaidAutomation - copia (2)\target\site\serenity\256631fd5cb4127927542b21fd74affdc70a9cb732992ba411c11bcb64c6d70e.png
11:41:46.180 [Test worker] DEBUG net.serenitybdd.core.photography.Darkroom - Send negative for processing for C:\Sanity Ambientes\PrepaidAutomation - copia (2)\target\site\serenity\101ca22a97958386d5d580af0825897039778878fe1178309a8dc81382a8b78d.png
11:41:46.182 [Darkroom Processing Line] DEBUG net.serenitybdd.core.photography.DarkroomProcessingLine - Processing screenshot image in /var/screenshots/screenshot-3288530736888092343
11:41:46.182 [Darkroom Processing Line] DEBUG net.serenitybdd.core.photography.DarkroomProcessingLine - Saving screenshot to C:\Sanity Ambientes\PrepaidAutomation - copia (2)\target\site\serenity\101ca22a97958386d5d580af0825897039778878fe1178309a8dc81382a8b78d.png
11:41:47.086 [Test worker] DEBUG net.serenitybdd.core.photography.Darkroom - Send negative for processing for C:\Sanity Ambientes\PrepaidAutomation - copia (2)\target\site\serenity\e5bcb8350393518eefb336c8cf407c4340d4fb26df5af67e04c98eeb4d5e6291.png
11:41:47.086 [Darkroom Processing Line] DEBUG net.serenitybdd.core.photography.DarkroomProcessingLine - Processing screenshot image in /var/screenshots/screenshot-2833072558912946289
11:41:47.086 [Darkroom Processing Line] DEBUG net.serenitybdd.core.photography.DarkroomProcessingLine - Saving screenshot to C:\Sanity Ambientes\PrepaidAutomation - copia (2)\target\site\serenity\e5bcb8350393518eefb336c8cf407c4340d4fb26df5af67e04c98eeb4d5e6291.png
11:41:47.807 [Test worker] DEBUG net.serenitybdd.core.photography.Darkroom - Send negative for processing for C:\Sanity Ambientes\PrepaidAutomation - copia (2)\target\site\serenity\1ead1f2b8dd12d2012a1c91c4596cc60b13508d0e2afc13807c623934e3e4299.png
11:41:47.823 [Darkroom Processing Line] DEBUG net.serenitybdd.core.photography.DarkroomProcessingLine - Processing screenshot image in /var/screenshots/screenshot-7374389740963827253
11:41:47.823 [Darkroom Processing Line] DEBUG net.serenitybdd.core.photography.DarkroomProcessingLine - Saving screenshot to C:\Sanity Ambientes\PrepaidAutomation - copia (2)\target\site\serenity\1ead1f2b8dd12d2012a1c91c4596cc60b13508d0e2afc13807c623934e3e4299.png
11:41:49.177 [Test worker] DEBUG net.serenitybdd.core.photography.Darkroom - Send negative for processing for C:\Sanity Ambientes\PrepaidAutomation - copia (2)\target\site\serenity\cf98bf5607acb4a10439b64a29fccc648108c56c93bcc25c9fe4ba8375a7d319.png
11:41:49.193 [Darkroom Processing Line] DEBUG net.serenitybdd.core.photography.DarkroomProcessingLine - Processing screenshot image in /var/screenshots/screenshot-1162461521010240821
11:41:49.193 [Darkroom Processing Line] DEBUG net.serenitybdd.core.photography.DarkroomProcessingLine - Saving screenshot to C:\Sanity Ambientes\PrepaidAutomation - copia (2)\target\site\serenity\cf98bf5607acb4a10439b64a29fccc648108c56c93bcc25c9fe4ba8375a7d319.png
11:41:50.011 [Test worker] DEBUG net.serenitybdd.core.photography.Darkroom - Send negative for processing for C:\Sanity Ambientes\PrepaidAutomation - copia (2)\target\site\serenity\89a977c861a5ff0347c19c70225a8bba217d282904fb5d072325eb12a68a7b9e.png
11:41:53.704 [Test worker] DEBUG net.serenitybdd.core.photography.Darkroom - Send negative for processing for C:\Sanity Ambientes\PrepaidAutomation - copia (2)\target\site\serenity\c1da07b6ae472537c8e22ca4e43d715b5099f27aa521c94c39f9c2deed7c6822.png
11:41:53.705 [Darkroom Processing Line] DEBUG net.serenitybdd.core.photography.DarkroomProcessingLine - Processing screenshot image in /var/screenshots/screenshot-6235155678835064640
11:41:53.705 [Darkroom Processing Line] DEBUG net.serenitybdd.core.photography.DarkroomProcessingLine - Saving screenshot to C:\Sanity Ambientes\PrepaidAutomation - copia (2)\target\site\serenity\c1da07b6ae472537c8e22ca4e43d715b5099f27aa521c94c39f9c2deed7c6822.png
11:41:54.365 [Test worker] DEBUG net.serenitybdd.core.photography.Darkroom - Send negative for processing for C:\Sanity Ambientes\PrepaidAutomation - copia (2)\target\site\serenity\6dbaebead7596abf79f8ee673ed3b07a55762cc40b8c80d03066edb78216ffa0.png
11:41:54.367 [Darkroom Processing Line] DEBUG net.serenitybdd.core.photography.DarkroomProcessingLine - Processing screenshot image in /var/screenshots/screenshot-7736266477295822306
11:41:54.367 [Darkroom Processing Line] DEBUG net.serenitybdd.core.photography.DarkroomProcessingLine - Saving screenshot to C:\Sanity Ambientes\PrepaidAutomation - copia (2)\target\site\serenity\6dbaebead7596abf79f8ee673ed3b07a55762cc40b8c80d03066edb78216ffa0.png
11:41:57.326 [Test worker] DEBUG net.serenitybdd.core.photography.Darkroom - Send negative for processing for C:\Sanity Ambientes\PrepaidAutomation - copia (2)\target\site\serenity\ec763b7c3915e691aa75707b36e940d02cd983744f71383dc8c6e162758fa195.png
11:42:00.350 [Test worker] INFO net.thucydides.core.steps.ConsoleLoggingListener - ?[92m
        __    _____ _____ ____ _____   ____   _    ____  ____  _____ ____  
  _     \ \  |_   _| ____/ ___|_   _| |  _ \ / \  / ___|/ ___|| ____|  _ \ 
 (_)_____| |   | | |  _| \___ \ | |   | |_) / _ \ \___ \\___ \|  _| | | | |
  _|_____| |   | | | |___ ___) || |   |  __/ ___ \ ___) |___) | |___| |_| |
 (_)     | |   |_| |_____|____/ |_|   |_| /_/   \_\____/|____/|_____|____/ 
        /_/                                                                

TEST PASSED: realizar el cargue de inventario
----------------------------------------------------------------------------?[0m
11:42:21.246 [Test worker] INFO net.thucydides.core.steps.ConsoleLoggingListener - ?[92m
        __    _____ _____ ____ _____   ____   _    ____  ____  _____ ____  
  _     \ \  |_   _| ____/ ___|_   _| |  _ \ / \  / ___|/ ___|| ____|  _ \ 
 (_)_____| |   | | |  _| \___ \ | |   | |_) / _ \ \___ \\___ \|  _| | | | |
  _|_____| |   | | | |___ ___) || |   |  __/ ___ \ ___) |___) | |___| |_| |
 (_)     | |   |_| |_____|____/ |_|   |_| /_/   \_\____/|____/|_____|____/ 
        /_/                                                                

TEST PASSED: realizar la confirmacion de inventario
----------------------------------------------------------------------------?[0m
11:42:21.600 [Test worker] INFO net.serenitybdd.core.webdriver.driverproviders.ProvideNewDriver - Instantiating driver
11:42:21.600 [Test worker] INFO net.serenitybdd.core.webdriver.driverproviders.ProvideNewDriver - Driver capabilities: Capabilities {acceptInsecureCerts: true, browserName: firefox, firefox_profile: org.openqa.selenium.firefox..., headless: false, loggingPrefs: org.openqa.selenium.logging..., marionette: true, moz:firefoxOptions: {}, platform: ANY, version: }
11:42:26.129 [Test worker] DEBUG net.serenitybdd.core.photography.Darkroom - Send negative for processing for C:\Sanity Ambientes\PrepaidAutomation - copia (2)\target\site\serenity\c2ea742650c01d836ba4626126eb07c2f18cc7ec51d076b6193bdd5f68e46287.png
11:42:26.562 [Test worker] DEBUG net.serenitybdd.core.photography.Darkroom - Send negative for processing for C:\Sanity Ambientes\PrepaidAutomation - copia (2)\target\site\serenity\0a3508a7c3b796b85ac8dcb4d5597b76962fa4dba51040067ad2e1aaeca862e4.png
11:42:30.162 [Test worker] DEBUG net.serenitybdd.core.photography.Darkroom - Send negative for processing for C:\Sanity Ambientes\PrepaidAutomation - copia (2)\target\site\serenity\eb5662727f933fd0a4acd45e9af08ec62cba17041b7b3bf67bbf1c84f5d1374f.png
11:42:31.572 [Test worker] DEBUG net.serenitybdd.core.photography.Darkroom - Send negative for processing for C:\Sanity Ambientes\PrepaidAutomation - copia (2)\target\site\serenity\311e17191d40b9f4445f94132f147cddd76e4fc2fcf8ec58f50d84ab652e435a.png
11:42:32.146 [Test worker] DEBUG net.serenitybdd.core.photography.Darkroom - Send negative for processing for C:\Sanity Ambientes\PrepaidAutomation - copia (2)\target\site\serenity\c34bbf80445337b1e646817d9ba3aedac52de6fcffa239b81e286f0fb62bd5d6.png
11:42:32.149 [Darkroom Processing Line] DEBUG net.serenitybdd.core.photography.DarkroomProcessingLine - Processing screenshot image in /var/screenshots/screenshot-3048898717457560947
11:42:32.149 [Darkroom Processing Line] DEBUG net.serenitybdd.core.photography.DarkroomProcessingLine - Saving screenshot to C:\Sanity Ambientes\PrepaidAutomation - copia (2)\target\site\serenity\c34bbf80445337b1e646817d9ba3aedac52de6fcffa239b81e286f0fb62bd5d6.png
11:42:32.704 [Test worker] DEBUG net.serenitybdd.core.photography.Darkroom - Send negative for processing for C:\Sanity Ambientes\PrepaidAutomation - copia (2)\target\site\serenity\f51957d3836e41201cbbc88ed90f2c69ed5be7302600c77005b3db257d7e5e1f.png
11:42:33.317 [Test worker] DEBUG net.serenitybdd.core.photography.Darkroom - Send negative for processing for C:\Sanity Ambientes\PrepaidAutomation - copia (2)\target\site\serenity\9b7685d9d1546f3f41ca9c55e3ed4302be6c4876a578bfa589ca72467c94f8d7.png
11:42:34.547 [Test worker] DEBUG net.serenitybdd.core.photography.Darkroom - Send negative for processing for C:\Sanity Ambientes\PrepaidAutomation - copia (2)\target\site\serenity\61af4d79ab0d3a0637ec922dd391cb40bc4964d5992e6222646dab465470ba4e.png
11:42:35.863 [Test worker] DEBUG net.serenitybdd.core.photography.Darkroom - Send negative for processing for C:\Sanity Ambientes\PrepaidAutomation - copia (2)\target\site\serenity\4876b6a803472304698965c31eb72530e369a5ecd7528fb8711f6e2a213899c6.png
11:42:36.285 [Test worker] DEBUG net.serenitybdd.core.photography.Darkroom - Send negative for processing for C:\Sanity Ambientes\PrepaidAutomation - copia (2)\target\site\serenity\2e8e00c7aa49ad5f44016b06e5a5356d968dbb8e6e62e656b4d498fdadbe88ae.png
11:42:36.828 [Test worker] DEBUG net.serenitybdd.core.photography.Darkroom - Send negative for processing for C:\Sanity Ambientes\PrepaidAutomation - copia (2)\target\site\serenity\c28dcb2907ba6c83e45cbaf0f72ec6cd3ce71c326c7b9e222c1a79cc7e41894c.png
11:42:37.374 [Test worker] DEBUG net.serenitybdd.core.photography.Darkroom - Send negative for processing for C:\Sanity Ambientes\PrepaidAutomation - copia (2)\target\site\serenity\4a3869fe5bd0a282219e222b54779f755324ce206b1c0b4f77b8383d6c3b8979.png
11:42:37.809 [Test worker] DEBUG net.serenitybdd.core.photography.Darkroom - Send negative for processing for C:\Sanity Ambientes\PrepaidAutomation - copia (2)\target\site\serenity\8f963d4785bf5a2458adf3a3337b5336917eac9032f9d5b0f7b5a227d5468de3.png
11:42:37.811 [Darkroom Processing Line] DEBUG net.serenitybdd.core.photography.DarkroomProcessingLine - Processing screenshot image in /var/screenshots/screenshot-8531722708816430862
11:42:37.811 [Darkroom Processing Line] DEBUG net.serenitybdd.core.photography.DarkroomProcessingLine - Saving screenshot to C:\Sanity Ambientes\PrepaidAutomation - copia (2)\target\site\serenity\8f963d4785bf5a2458adf3a3337b5336917eac9032f9d5b0f7b5a227d5468de3.png
11:42:38.285 [Test worker] DEBUG net.serenitybdd.core.photography.Darkroom - Send negative for processing for C:\Sanity Ambientes\PrepaidAutomation - copia (2)\target\site\serenity\aea7d25f1952c6898284a200841cafe4109d91ee9e9e589a719cf3bdacec4a5f.png
11:42:38.286 [Darkroom Processing Line] DEBUG net.serenitybdd.core.photography.DarkroomProcessingLine - Processing screenshot image in /var/screenshots/screenshot-1094003675476565759
11:42:38.286 [Darkroom Processing Line] DEBUG net.serenitybdd.core.photography.DarkroomProcessingLine - Saving screenshot to C:\Sanity Ambientes\PrepaidAutomation - copia (2)\target\site\serenity\aea7d25f1952c6898284a200841cafe4109d91ee9e9e589a719cf3bdacec4a5f.png
11:42:38.841 [Test worker] DEBUG net.serenitybdd.core.photography.Darkroom - Send negative for processing for C:\Sanity Ambientes\PrepaidAutomation - copia (2)\target\site\serenity\1f7b482fca66895b30d50f410302ee8ede63ae120e03d994b008f39de138eb01.png
11:42:38.843 [Darkroom Processing Line] DEBUG net.serenitybdd.core.photography.DarkroomProcessingLine - Processing screenshot image in /var/screenshots/screenshot-4929691971568526664
11:42:38.843 [Darkroom Processing Line] DEBUG net.serenitybdd.core.photography.DarkroomProcessingLine - Saving screenshot to C:\Sanity Ambientes\PrepaidAutomation - copia (2)\target\site\serenity\1f7b482fca66895b30d50f410302ee8ede63ae120e03d994b008f39de138eb01.png
11:42:39.438 [Test worker] DEBUG net.serenitybdd.core.photography.Darkroom - Send negative for processing for C:\Sanity Ambientes\PrepaidAutomation - copia (2)\target\site\serenity\90ad56b08d9764fcb92af4aa5a49195a11916d9aa283b93fce00d102b466720d.png
11:42:39.843 [Test worker] DEBUG net.serenitybdd.core.photography.Darkroom - Send negative for processing for C:\Sanity Ambientes\PrepaidAutomation - copia (2)\target\site\serenity\fc50c4a36208f65cf5cac7a68613b9f0c1912d1fe895a186ad9ce6ac5f9cb137.png
11:42:40.424 [Test worker] DEBUG net.serenitybdd.core.photography.Darkroom - Send negative for processing for C:\Sanity Ambientes\PrepaidAutomation - copia (2)\target\site\serenity\bb063af355dbb00b9473fbe0d44bce9efd163161cce609849a82778c775ded9e.png
11:42:40.950 [Test worker] DEBUG net.serenitybdd.core.photography.Darkroom - Send negative for processing for C:\Sanity Ambientes\PrepaidAutomation - copia (2)\target\site\serenity\bb063af355dbb00b9473fbe0d44bce9efd163161cce609849a82778c775ded9e.png
11:42:46.262 [Test worker] DEBUG net.serenitybdd.core.photography.Darkroom - Send negative for processing for C:\Sanity Ambientes\PrepaidAutomation - copia (2)\target\site\serenity\85d99cfe4f393bfc17f31fce3e7c87a5252b5fd781aa0cfc2b8f48834d84e929.png
11:42:46.262 [Darkroom Processing Line] DEBUG net.serenitybdd.core.photography.DarkroomProcessingLine - Processing screenshot image in /var/screenshots/screenshot-6443021991920813554
11:42:46.262 [Darkroom Processing Line] DEBUG net.serenitybdd.core.photography.DarkroomProcessingLine - Saving screenshot to C:\Sanity Ambientes\PrepaidAutomation - copia (2)\target\site\serenity\85d99cfe4f393bfc17f31fce3e7c87a5252b5fd781aa0cfc2b8f48834d84e929.png
11:42:49.763 [Test worker] DEBUG net.serenitybdd.core.photography.Darkroom - Send negative for processing for C:\Sanity Ambientes\PrepaidAutomation - copia (2)\target\site\serenity\dd34f792c11d99d6c371dac76f66590ede54be34b201f88a39ed639d543327a0.png
11:42:50.312 [Test worker] DEBUG net.serenitybdd.core.photography.Darkroom - Send negative for processing for C:\Sanity Ambientes\PrepaidAutomation - copia (2)\target\site\serenity\0e846b84c375e4206c0a84808273a70aeef3f259405c846b86e337e8202bdd81.png
11:42:50.876 [Test worker] DEBUG net.serenitybdd.core.photography.Darkroom - Send negative for processing for C:\Sanity Ambientes\PrepaidAutomation - copia (2)\target\site\serenity\0e846b84c375e4206c0a84808273a70aeef3f259405c846b86e337e8202bdd81.png
11:42:51.445 [Test worker] DEBUG net.serenitybdd.core.photography.Darkroom - Send negative for processing for C:\Sanity Ambientes\PrepaidAutomation - copia (2)\target\site\serenity\0e846b84c375e4206c0a84808273a70aeef3f259405c846b86e337e8202bdd81.png
11:42:52.044 [Test worker] DEBUG net.serenitybdd.core.photography.Darkroom - Send negative for processing for C:\Sanity Ambientes\PrepaidAutomation - copia (2)\target\site\serenity\0e846b84c375e4206c0a84808273a70aeef3f259405c846b86e337e8202bdd81.png
11:42:52.492 [Test worker] DEBUG net.serenitybdd.core.photography.Darkroom - Send negative for processing for C:\Sanity Ambientes\PrepaidAutomation - copia (2)\target\site\serenity\0e846b84c375e4206c0a84808273a70aeef3f259405c846b86e337e8202bdd81.png
11:42:53.045 [Test worker] DEBUG net.serenitybdd.core.photography.Darkroom - Send negative for processing for C:\Sanity Ambientes\PrepaidAutomation - copia (2)\target\site\serenity\397293607024c67bf3c86980231f9cba606c43afeb27745e770513eeabe2d488.png
11:42:53.630 [Test worker] DEBUG net.serenitybdd.core.photography.Darkroom - Send negative for processing for C:\Sanity Ambientes\PrepaidAutomation - copia (2)\target\site\serenity\132ad829ad274624106b4da13b0baff927171326fda71bad74a517647045d66a.png
11:42:53.630 [Darkroom Processing Line] DEBUG net.serenitybdd.core.photography.DarkroomProcessingLine - Processing screenshot image in /var/screenshots/screenshot-8984601685592670262
11:42:53.630 [Darkroom Processing Line] DEBUG net.serenitybdd.core.photography.DarkroomProcessingLine - Saving screenshot to C:\Sanity Ambientes\PrepaidAutomation - copia (2)\target\site\serenity\132ad829ad274624106b4da13b0baff927171326fda71bad74a517647045d66a.png
11:43:18.991 [Test worker] DEBUG net.serenitybdd.core.photography.Darkroom - Send negative for processing for C:\Sanity Ambientes\PrepaidAutomation - copia (2)\target\site\serenity\7d4e17379a01a12f50d332c0852120a995bd4af77f38e964f9c887d437bf98b2.png
11:43:19.794 [Test worker] DEBUG net.serenitybdd.core.photography.Darkroom - Send negative for processing for C:\Sanity Ambientes\PrepaidAutomation - copia (2)\target\site\serenity\eb5662727f933fd0a4acd45e9af08ec62cba17041b7b3bf67bbf1c84f5d1374f.png
11:43:20.342 [Test worker] DEBUG net.serenitybdd.core.photography.Darkroom - Send negative for processing for C:\Sanity Ambientes\PrepaidAutomation - copia (2)\target\site\serenity\e158ba18c4acb5e0101254ed869b73a7e9556f1f904487a0de806f9096d38312.png
11:43:20.342 [Darkroom Processing Line] DEBUG net.serenitybdd.core.photography.DarkroomProcessingLine - Processing screenshot image in /var/screenshots/screenshot-7751286122739586962
11:43:20.342 [Darkroom Processing Line] DEBUG net.serenitybdd.core.photography.DarkroomProcessingLine - Saving screenshot to C:\Sanity Ambientes\PrepaidAutomation - copia (2)\target\site\serenity\e158ba18c4acb5e0101254ed869b73a7e9556f1f904487a0de806f9096d38312.png
11:43:20.912 [Test worker] DEBUG net.serenitybdd.core.photography.Darkroom - Send negative for processing for C:\Sanity Ambientes\PrepaidAutomation - copia (2)\target\site\serenity\8e7cf79bde5717c97b4281c1c2e47196d19eaf483efd20a9e0fe77662c7ccb1d.png
11:43:21.462 [Test worker] DEBUG net.serenitybdd.core.photography.Darkroom - Send negative for processing for C:\Sanity Ambientes\PrepaidAutomation - copia (2)\target\site\serenity\f70b8d29cc26f19a4848968c8412b80742d776f6706ff3f3216e2f212ccf2a88.png
11:43:21.462 [Darkroom Processing Line] DEBUG net.serenitybdd.core.photography.DarkroomProcessingLine - Processing screenshot image in /var/screenshots/screenshot-1051650641020580772
11:43:21.462 [Darkroom Processing Line] DEBUG net.serenitybdd.core.photography.DarkroomProcessingLine - Saving screenshot to C:\Sanity Ambientes\PrepaidAutomation - copia (2)\target\site\serenity\f70b8d29cc26f19a4848968c8412b80742d776f6706ff3f3216e2f212ccf2a88.png
11:43:22.263 [Test worker] DEBUG net.serenitybdd.core.photography.Darkroom - Send negative for processing for C:\Sanity Ambientes\PrepaidAutomation - copia (2)\target\site\serenity\1e801cecd4a2eebb31cb8f07d6a023e0820e607d56dcf28a75468b18d64f6939.png
11:43:22.895 [Test worker] DEBUG net.serenitybdd.core.photography.Darkroom - Send negative for processing for C:\Sanity Ambientes\PrepaidAutomation - copia (2)\target\site\serenity\72cd55f597417155ef9cc4a3527b1a23f00aa7a0fbc0dea9827c9306876726d5.png
11:43:23.447 [Test worker] DEBUG net.serenitybdd.core.photography.Darkroom - Send negative for processing for C:\Sanity Ambientes\PrepaidAutomation - copia (2)\target\site\serenity\b0eac0b3e7b9a9d5f958be58ad5fd9cfeda1171cb5795d0380e8bc2b671a40f7.png
11:43:23.447 [Darkroom Processing Line] DEBUG net.serenitybdd.core.photography.DarkroomProcessingLine - Processing screenshot image in /var/screenshots/screenshot-8636781562381496214
11:43:23.447 [Darkroom Processing Line] DEBUG net.serenitybdd.core.photography.DarkroomProcessingLine - Saving screenshot to C:\Sanity Ambientes\PrepaidAutomation - copia (2)\target\site\serenity\b0eac0b3e7b9a9d5f958be58ad5fd9cfeda1171cb5795d0380e8bc2b671a40f7.png
11:43:27.079 [Test worker] INFO net.thucydides.core.steps.ConsoleLoggingListener - ?[92m
        __    _____ _____ ____ _____   ____   _    ____  ____  _____ ____  
  _     \ \  |_   _| ____/ ___|_   _| |  _ \ / \  / ___|/ ___|| ____|  _ \ 
 (_)_____| |   | | |  _| \___ \ | |   | |_) / _ \ \___ \\___ \|  _| | | | |
  _|_____| |   | | | |___ ___) || |   |  __/ ___ \ ___) |___) | |___| |_| |
 (_)     | |   |_| |_____|____/ |_|   |_| /_/   \_\____/|____/|_____|____/ 
        /_/                                                                

TEST PASSED: se requiere realizar una activacion de una linea en prepago
----------------------------------------------------------------------------?[0m
11:43:27.237 [Test worker] INFO net.serenitybdd.core.webdriver.driverproviders.ProvideNewDriver - Instantiating driver
11:43:27.237 [Test worker] INFO net.serenitybdd.core.webdriver.driverproviders.ProvideNewDriver - Driver capabilities: Capabilities {acceptInsecureCerts: true, browserName: firefox, firefox_profile: org.openqa.selenium.firefox..., headless: false, loggingPrefs: org.openqa.selenium.logging..., marionette: true, moz:firefoxOptions: {}, platform: ANY, version: }
11:43:31.124 [Test worker] DEBUG net.serenitybdd.core.photography.Darkroom - Send negative for processing for C:\Sanity Ambientes\PrepaidAutomation - copia (2)\target\site\serenity\c2ea742650c01d836ba4626126eb07c2f18cc7ec51d076b6193bdd5f68e46287.png
11:43:31.559 [Test worker] DEBUG net.serenitybdd.core.photography.Darkroom - Send negative for processing for C:\Sanity Ambientes\PrepaidAutomation - copia (2)\target\site\serenity\0a3508a7c3b796b85ac8dcb4d5597b76962fa4dba51040067ad2e1aaeca862e4.png
11:43:33.401 [Test worker] DEBUG net.serenitybdd.core.photography.Darkroom - Send negative for processing for C:\Sanity Ambientes\PrepaidAutomation - copia (2)\target\site\serenity\eb5662727f933fd0a4acd45e9af08ec62cba17041b7b3bf67bbf1c84f5d1374f.png
11:43:34.395 [Test worker] DEBUG net.serenitybdd.core.photography.Darkroom - Send negative for processing for C:\Sanity Ambientes\PrepaidAutomation - copia (2)\target\site\serenity\311e17191d40b9f4445f94132f147cddd76e4fc2fcf8ec58f50d84ab652e435a.png
11:43:34.890 [Test worker] DEBUG net.serenitybdd.core.photography.Darkroom - Send negative for processing for C:\Sanity Ambientes\PrepaidAutomation - copia (2)\target\site\serenity\c34bbf80445337b1e646817d9ba3aedac52de6fcffa239b81e286f0fb62bd5d6.png
11:43:35.384 [Test worker] DEBUG net.serenitybdd.core.photography.Darkroom - Send negative for processing for C:\Sanity Ambientes\PrepaidAutomation - copia (2)\target\site\serenity\17791be3200e91e0156ac23710da9041f2ada29f97d6faf8e59c6cee8987248c.png
11:43:35.385 [Darkroom Processing Line] DEBUG net.serenitybdd.core.photography.DarkroomProcessingLine - Processing screenshot image in /var/screenshots/screenshot-3304713316921397929
11:43:35.385 [Darkroom Processing Line] DEBUG net.serenitybdd.core.photography.DarkroomProcessingLine - Saving screenshot to C:\Sanity Ambientes\PrepaidAutomation - copia (2)\target\site\serenity\17791be3200e91e0156ac23710da9041f2ada29f97d6faf8e59c6cee8987248c.png
11:43:35.941 [Test worker] DEBUG net.serenitybdd.core.photography.Darkroom - Send negative for processing for C:\Sanity Ambientes\PrepaidAutomation - copia (2)\target\site\serenity\9b7685d9d1546f3f41ca9c55e3ed4302be6c4876a578bfa589ca72467c94f8d7.png
11:43:37.428 [Test worker] DEBUG net.serenitybdd.core.photography.Darkroom - Send negative for processing for C:\Sanity Ambientes\PrepaidAutomation - copia (2)\target\site\serenity\61af4d79ab0d3a0637ec922dd391cb40bc4964d5992e6222646dab465470ba4e.png
11:43:38.520 [Test worker] DEBUG net.serenitybdd.core.photography.Darkroom - Send negative for processing for C:\Sanity Ambientes\PrepaidAutomation - copia (2)\target\site\serenity\b949a7d5ccaf0fb9ebc4892ee75b09ca7ce82734332913c53aa77fc415c79752.png
11:43:38.913 [Test worker] DEBUG net.serenitybdd.core.photography.Darkroom - Send negative for processing for C:\Sanity Ambientes\PrepaidAutomation - copia (2)\target\site\serenity\e71bdd70eb5937dd91e50c6b4b713bfa1dce6bbc338143c55038dedff959f711.png
11:43:39.903 [Test worker] DEBUG net.serenitybdd.core.photography.Darkroom - Send negative for processing for C:\Sanity Ambientes\PrepaidAutomation - copia (2)\target\site\serenity\933e9dcda186ac9bc4f9d68e67ce1c3036bbd2639d8290abb43087119c2620f7.png
11:43:40.472 [Test worker] DEBUG net.serenitybdd.core.photography.Darkroom - Send negative for processing for C:\Sanity Ambientes\PrepaidAutomation - copia (2)\target\site\serenity\11310bed5cf7012c6c808a99bfed57df6e9d9fb27b28501f71fa29edda8ad0bc.png
11:43:40.875 [Test worker] DEBUG net.serenitybdd.core.photography.Darkroom - Send negative for processing for C:\Sanity Ambientes\PrepaidAutomation - copia (2)\target\site\serenity\bdb578e8bf1bdf51b54a1146db3523a14ef77bd83b384a0ed0c96efd9555f342.png
11:43:40.877 [Darkroom Processing Line] DEBUG net.serenitybdd.core.photography.DarkroomProcessingLine - Processing screenshot image in /var/screenshots/screenshot-5840235295527782612
11:43:40.878 [Darkroom Processing Line] DEBUG net.serenitybdd.core.photography.DarkroomProcessingLine - Saving screenshot to C:\Sanity Ambientes\PrepaidAutomation - copia (2)\target\site\serenity\bdb578e8bf1bdf51b54a1146db3523a14ef77bd83b384a0ed0c96efd9555f342.png
11:43:41.283 [Test worker] DEBUG net.serenitybdd.core.photography.Darkroom - Send negative for processing for C:\Sanity Ambientes\PrepaidAutomation - copia (2)\target\site\serenity\3987736c24833fc2f01205a0aba5738e38b9e469d04f2fc510b6cdbad9eb312a.png
11:43:41.285 [Darkroom Processing Line] DEBUG net.serenitybdd.core.photography.DarkroomProcessingLine - Processing screenshot image in /var/screenshots/screenshot-9137348590230469201
11:43:41.285 [Darkroom Processing Line] DEBUG net.serenitybdd.core.photography.DarkroomProcessingLine - Saving screenshot to C:\Sanity Ambientes\PrepaidAutomation - copia (2)\target\site\serenity\3987736c24833fc2f01205a0aba5738e38b9e469d04f2fc510b6cdbad9eb312a.png
11:43:41.873 [Test worker] DEBUG net.serenitybdd.core.photography.Darkroom - Send negative for processing for C:\Sanity Ambientes\PrepaidAutomation - copia (2)\target\site\serenity\1eaaa7767f5efc8c4432b1b96a88f643d5530f39fe245cfdccc3ec90b435cdf0.png
11:43:41.874 [Darkroom Processing Line] DEBUG net.serenitybdd.core.photography.DarkroomProcessingLine - Processing screenshot image in /var/screenshots/screenshot-1469416060389709284
11:43:41.874 [Darkroom Processing Line] DEBUG net.serenitybdd.core.photography.DarkroomProcessingLine - Saving screenshot to C:\Sanity Ambientes\PrepaidAutomation - copia (2)\target\site\serenity\1eaaa7767f5efc8c4432b1b96a88f643d5530f39fe245cfdccc3ec90b435cdf0.png
11:43:43.347 [Test worker] DEBUG net.serenitybdd.core.photography.Darkroom - Send negative for processing for C:\Sanity Ambientes\PrepaidAutomation - copia (2)\target\site\serenity\198f85eedc83977ee1376dcf6ab0167c1ad0d6fcd0be73b6cd5189c71f2911ec.png
11:43:43.347 [Darkroom Processing Line] DEBUG net.serenitybdd.core.photography.DarkroomProcessingLine - Processing screenshot image in /var/screenshots/screenshot-5562585513090300383
11:43:43.347 [Darkroom Processing Line] DEBUG net.serenitybdd.core.photography.DarkroomProcessingLine - Saving screenshot to C:\Sanity Ambientes\PrepaidAutomation - copia (2)\target\site\serenity\198f85eedc83977ee1376dcf6ab0167c1ad0d6fcd0be73b6cd5189c71f2911ec.png
11:43:43.932 [Test worker] DEBUG net.serenitybdd.core.photography.Darkroom - Send negative for processing for C:\Sanity Ambientes\PrepaidAutomation - copia (2)\target\site\serenity\0c87926c72da625f4e884229abd55a0d6741ff52c2867d163dcc13c8fc618fd0.png
11:43:44.387 [Test worker] DEBUG net.serenitybdd.core.photography.Darkroom - Send negative for processing for C:\Sanity Ambientes\PrepaidAutomation - copia (2)\target\site\serenity\faa877b61f1e91eb5b8a45dc3213df67b9b24a9d19df2cb8261bd927fc1cac43.png
11:43:44.387 [Darkroom Processing Line] DEBUG net.serenitybdd.core.photography.DarkroomProcessingLine - Processing screenshot image in /var/screenshots/screenshot-4061295396731971490
11:43:44.387 [Darkroom Processing Line] DEBUG net.serenitybdd.core.photography.DarkroomProcessingLine - Saving screenshot to C:\Sanity Ambientes\PrepaidAutomation - copia (2)\target\site\serenity\faa877b61f1e91eb5b8a45dc3213df67b9b24a9d19df2cb8261bd927fc1cac43.png
11:43:44.863 [Test worker] DEBUG net.serenitybdd.core.photography.Darkroom - Send negative for processing for C:\Sanity Ambientes\PrepaidAutomation - copia (2)\target\site\serenity\8e5566f9cd13409868a6c939923b8cd8a914976a7ed4020df17c5c206016b94b.png
11:43:44.863 [Darkroom Processing Line] DEBUG net.serenitybdd.core.photography.DarkroomProcessingLine - Processing screenshot image in /var/screenshots/screenshot-1470082238029023723
11:43:44.863 [Darkroom Processing Line] DEBUG net.serenitybdd.core.photography.DarkroomProcessingLine - Saving screenshot to C:\Sanity Ambientes\PrepaidAutomation - copia (2)\target\site\serenity\8e5566f9cd13409868a6c939923b8cd8a914976a7ed4020df17c5c206016b94b.png
11:43:45.397 [Test worker] DEBUG net.serenitybdd.core.photography.Darkroom - Send negative for processing for C:\Sanity Ambientes\PrepaidAutomation - copia (2)\target\site\serenity\4947bda3f48ff7dc367a6e119ef8ee4ed3c0b3c1ab592ddc9fa819873c26aebd.png
11:43:45.397 [Darkroom Processing Line] DEBUG net.serenitybdd.core.photography.DarkroomProcessingLine - Processing screenshot image in /var/screenshots/screenshot-3779526694617702151
[...]
JavaScript error: http://10.69.60.85:8280/portal/CRMPortal/Consultas, line 1: ReferenceError: setIframeListeners is not defined
JavaScript warning: http://10.69.60.85:8280/portal/CRMPortal/Postventa?portal:windowState=normal&portal:componentId=gtnf5a1f4f3-5ecc-4e4a-8654-6459a01c3953&portal:resourceID=/org.rf.res/org/richfaces/ui.pack.js&portal:cacheLevel=PAGE&portal:type=resource&portal:portletMode=view, line 10431: unreachable code after return statement
JavaScript warning: http://10.69.60.85:8280/portal/CRMPortal/Postventa?portal:windowState=normal&portal:componentId=gtnf5a1f4f3-5ecc-4e4a-8654-6459a01c3953&portal:resourceID=/org.rf.res/org/richfaces/ui.pack.js&portal:cacheLevel=PAGE&portal:type=resource&portal:portletMode=view, line 10431: unreachable code after return statement
JavaScript error: http://10.69.60.85:8280/portal/CRMPortal/Postventa, line 1: ReferenceError: setIframeListeners is not defined
JavaScript warning: http://10.69.60.76:8080/PostSale/a4j/g/3_3_3.Final/org/ajax4jsf/framework.pack.js, line 5514: unreachable code after return statement
JavaScript warning: http://10.69.60.76:8080/PostSale/a4j/g/3_3_3.Final/org/richfaces/ui.pack.js, line 12786: unreachable code after return statement
JavaScript warning: http://10.69.60.76:8080/PostSale/a4j/g/3_3_3.Final/org/richfaces/ui.pack.js, line 12786: unreachable code after return statement
JavaScript error: http://10.69.60.85:8280/portal/CRMPortal/Postventa, line 1: ReferenceError: setIframeListeners is not defined
JavaScript warning: http://10.69.60.76:8080/PostSale/a4j/g/3_3_3.Final/org/ajax4jsf/framework.pack.js, line 5514: unreachable code after return statement
JavaScript warning: http://10.69.60.76:8080/PostSale/a4j/g/3_3_3.Final/org/richfaces/ui.pack.js, line 12786: unreachable code after return statement
JavaScript warning: http://10.69.60.76:8080/PostSale/a4j/g/3_3_3.Final/org/richfaces/ui.pack.js, line 12786: unreachable code after return statement
JavaScript error: http://10.69.60.85:8280/portal/CRMPortal/Postventa, line 1: ReferenceError: setIframeListeners is not defined
JavaScript warning: http://10.69.60.76:8080/PostSale/a4j/g/3_3_3.Final/org/ajax4jsf/framework.pack.js, line 5514: unreachable code after return statement
JavaScript warning: http://10.69.60.76:8080/PostSale/a4j/g/3_3_3.Final/org/richfaces/ui.pack.js, line 12786: unreachable code after return statement
JavaScript warning: http://10.69.60.76:8080/PostSale/a4j/g/3_3_3.Final/org/richfaces/ui.pack.js, line 12786: unreachable code after return statement
JavaScript error: http://10.69.60.85:8280/portal/CRMPortal/Postventa, line 1: ReferenceError: setIframeListeners is not defined
JavaScript warning: http://10.69.60.85:8280/portal/CRMPortal/Consultas?portal:windowState=normal&portal:componentId=gtnc323725e-6efe-4037-9f93-1bc06edfa941&portal:resourceID=/org.rf.res/org/richfaces/ui.pack.js&portal:cacheLevel=PAGE&portal:type=resource&portal:portletMode=view, line 10431: unreachable code after return statement
JavaScript warning: http://10.69.60.85:8280/portal/CRMPortal/Consultas?portal:windowState=normal&portal:componentId=gtnc323725e-6efe-4037-9f93-1bc06edfa941&portal:resourceID=/org.rf.res/org/richfaces/ui.pack.js&portal:cacheLevel=PAGE&portal:type=resource&portal:portletMode=view, line 10431: unreachable code after return statement
JavaScript error: http://10.69.60.85:8280/portal/CRMPortal/Consultas, line 1: ReferenceError: setIframeListeners is not defined
JavaScript error: http://10.69.60.85:8280/portal/CRMPortal/Consultas, line 1: ReferenceError: setIframeListeners is not defined
1644943534278	Marionette	INFO	Stopped listening on port 51808
Extension error: [Exception... "Component not initialized"  nsresult: "0xc1f30001 (NS_ERROR_NOT_INITIALIZED)"  location: "JS frame :: moz-extension://f600ed82-0bed-4195-a1b0-028bf418b92b/main.js :: connect :: line 12066"  data: no] undefined 12066
[[Exception stack
connect@moz-extension://f600ed82-0bed-4195-a1b0-028bf418b92b/main.js:12066:23
onPortDisconnected@moz-extension://f600ed82-0bed-4195-a1b0-028bf418b92b/main.js:20316:30
makeConnection/channel<@moz-extension://f600ed82-0bed-4195-a1b0-028bf418b92b/main.js:20289:136
handleDisconnect@moz-extension://f600ed82-0bed-4195-a1b0-028bf418b92b/main.js:12172:14
connect/</<@moz-extension://f600ed82-0bed-4195-a1b0-028bf418b92b/main.js:12052:63
Current stack
applySafeWithoutClone@resource://gre/modules/ExtensionCommon.jsm:606:13
addListener/asyncWithoutClone/<@resource://gre/modules/ExtensionCommon.jsm:2443:39
]]

###!!! [Child][RunMessage] Error: Channel closing: too late to send/recv, messages will be lost


###!!! [Child][MessageChannel::SendAndWait] Error: Channel error: cannot send/recv

feb 15, 2022 11:45:37 AM org.openqa.selenium.remote.DesiredCapabilities firefox
INFORMACIÓN: Using `new FirefoxOptions()` is preferred to `DesiredCapabilities.firefox()`
feb 15, 2022 11:45:37 AM org.openqa.selenium.remote.DesiredCapabilities firefox
INFORMACIÓN: Using `new FirefoxOptions()` is preferred to `DesiredCapabilities.firefox()`
1644943537315	geckodriver	INFO	Listening on 127.0.0.1:25095
1644943537801	mozrunner::runner	INFO	Running command: "C:\\Program Files\\Mozilla Firefox\\firefox.exe" "--marionette" "-foreground" "-no-remote" "-profile" "C:\\Users\\PROJEC~1\\AppData\\Local\\Temp\\rust_mozprofileMeL7oH"
1644943538305	addons.webextension.doh-rollout@mozilla.org	WARN	Loading extension 'doh-rollout@mozilla.org': Reading manifest: Invalid extension permission: networkStatus
1644943538327	addons.webextension.screenshots@mozilla.org	WARN	Loading extension 'screenshots@mozilla.org': Reading manifest: Invalid extension permission: mozillaAddons
1644943538327	addons.webextension.screenshots@mozilla.org	WARN	Loading extension 'screenshots@mozilla.org': Reading manifest: Invalid extension permission: telemetry
1644943538327	addons.webextension.screenshots@mozilla.org	WARN	Loading extension 'screenshots@mozilla.org': Reading manifest: Invalid extension permission: resource://pdf.js/
1644943538327	addons.webextension.screenshots@mozilla.org	WARN	Loading extension 'screenshots@mozilla.org': Reading manifest: Invalid extension permission: about:reader*
JavaScript error: resource://gre/modules/XULStore.jsm, line 66: Error: Can't find profile directory.
1644943539682	Marionette	INFO	Listening on port 51866
1644943539969	Marionette	WARN	TLS certificate errors will be ignored for this session
feb 15, 2022 11:45:40 AM org.openqa.selenium.remote.ProtocolHandshake createSession
INFORMACIÓN: Detected dialect: W3C
1644943541232	addons.xpi	WARN	failed to set lastModifiedTime on C:\Users\ProjectSupport\AppData\Local\Temp\rust_mozprofileMeL7oH\extensions\firefoxhpsureclicksecurebrowsing@bromium.com.xpi: [Exception... "Component returned failure code: 0x8052000e (NS_ERROR_FILE_IS_LOCKED) [nsIFile.lastModifiedTime]"  nsresult: "0x8052000e (NS_ERROR_FILE_IS_LOCKED)"  location: "JS frame :: resource://gre/modules/addons/XPIInstall.jsm :: installAddon :: line 3239"  data: no] Stack trace: installAddon()@resource://gre/modules/addons/XPIInstall.jsm:3239
install()@resource://gre/modules/addons/XPIInstall.jsm:1767
startInstall/this._startupPromise<()@resource://gre/modules/addons/XPIInstall.jsm:1833
startInstall()@resource://gre/modules/addons/XPIInstall.jsm:1839
JavaScript error: http://10.69.60.85:8280/portal/scripts/3.8.16.Final-redhat-1/SHARED/bootstrap-min.js, line 7: Error: Script error for: SHARED/jquery
http://requirejs.org/docs/errors.html#scripterror
JavaScript error: http://10.69.60.85:8280/portal/scripts/3.8.16.Final-redhat-1/SHARED/bootstrap-min.js, line 7: Error: Script error for: SHARED/base
http://requirejs.org/docs/errors.html#scripterror
JavaScript error: http://10.69.60.85:8280/portal/scripts/3.8.16.Final-redhat-1/SHARED/bootstrap-min.js, line 7: Error: Script error for: SHARED/navigation
http://requirejs.org/docs/errors.html#scripterror
JavaScript warning: http://10.69.60.85:8280/portal/CRMPortal/Consultas?portal:windowState=normal&portal:componentId=gtnc323725e-6efe-4037-9f93-1bc06edfa941&portal:resourceID=/org.rf.res/org/richfaces/ui.pack.js&portal:cacheLevel=PAGE&portal:type=resource&portal:portletMode=view, line 10431: unreachable code after return statement
JavaScript warning: http://10.69.60.85:8280/portal/CRMPortal/Consultas?portal:windowState=normal&portal:componentId=gtnc323725e-6efe-4037-9f93-1bc06edfa941&portal:resourceID=/org.rf.res/org/richfaces/ui.pack.js&portal:cacheLevel=PAGE&portal:type=resource&portal:portletMode=view, line 10431: unreachable code after return statement
JavaScript error: http://10.69.60.85:8280/portal/CRMPortal/Consultas, line 1: ReferenceError: setIframeListeners is not defined
JavaScript warning: http://10.69.60.85:8280/portal/CRMPortal/Postventa?portal:windowState=normal&portal:componentId=gtnf5a1f4f3-5ecc-4e4a-8654-6459a01c3953&portal:resourceID=/org.rf.res/org/richfaces/ui.pack.js&portal:cacheLevel=PAGE&portal:type=resource&portal:portletMode=view, line 10431: unreachable code after return statement
JavaScript warning: http://10.69.60.85:8280/portal/CRMPortal/Postventa?portal:windowState=normal&portal:componentId=gtnf5a1f4f3-5ecc-4e4a-8654-6459a01c3953&portal:resourceID=/org.rf.res/org/richfaces/ui.pack.js&portal:cacheLevel=PAGE&portal:type=resource&portal:portletMode=view, line 10431: unreachable code after return statement
JavaScript error: http://10.69.60.85:8280/portal/CRMPortal/Postventa, line 1: ReferenceError: setIframeListeners is not defined
JavaScript warning: http://10.69.60.76:8080/PostSale/a4j/g/3_3_3.Final/org/ajax4jsf/framework.pack.js, line 5514: unreachable code after return statement
JavaScript warning: http://10.69.60.76:8080/PostSale/a4j/g/3_3_3.Final/org/richfaces/ui.pack.js, line 12786: unreachable code after return statement
JavaScript warning: http://10.69.60.76:8080/PostSale/a4j/g/3_3_3.Final/org/richfaces/ui.pack.js, line 12786: unreachable code after return statement
JavaScript error: http://10.69.60.85:8280/portal/CRMPortal/Postventa, line 1: ReferenceError: setIframeListeners is not defined
JavaScript warning: http://10.69.60.76:8080/PostSale/a4j/g/3_3_3.Final/org/ajax4jsf/framework.pack.js, line 5514: unreachable code after return statement
JavaScript warning: http://10.69.60.76:8080/PostSale/a4j/g/3_3_3.Final/org/richfaces/ui.pack.js, line 12786: unreachable code after return statement
JavaScript warning: http://10.69.60.76:8080/PostSale/a4j/g/3_3_3.Final/org/richfaces/ui.pack.js, line 12786: unreachable code after return statement
JavaScript error: http://10.69.60.85:8280/portal/CRMPortal/Postventa, line 1: ReferenceError: setIframeListeners is not defined
JavaScript warning: http://10.69.60.76:8080/PostSale/a4j/g/3_3_3.Final/org/ajax4jsf/framework.pack.js, line 5514: unreachable code after return statement
JavaScript warning: http://10.69.60.76:8080/PostSale/a4j/g/3_3_3.Final/org/richfaces/ui.pack.js, line 12786: unreachable code after return statement
JavaScript warning: http://10.69.60.76:8080/PostSale/a4j/g/3_3_3.Final/org/richfaces/ui.pack.js, line 12786: unreachable code after return statement
JavaScript error: http://10.69.60.85:8280/portal/CRMPortal/Postventa, line 1: ReferenceError: setIframeListeners is not defined
JavaScript warning: http://10.69.60.85:8280/portal/CRMPortal/Consultas?portal:windowState=normal&portal:componentId=gtnc323725e-6efe-4037-9f93-1bc06edfa941&portal:resourceID=/org.rf.res/org/richfaces/ui.pack.js&portal:cacheLevel=PAGE&portal:type=resource&portal:portletMode=view, line 10431: unreachable code after return statement
JavaScript warning: http://10.69.60.85:8280/portal/CRMPortal/Consultas?portal:windowState=normal&portal:componentId=gtnc323725e-6efe-4037-9f93-1bc06edfa941&portal:resourceID=/org.rf.res/org/richfaces/ui.pack.js&portal:cacheLevel=PAGE&portal:type=resource&portal:portletMode=view, line 10431: unreachable code after return statement
JavaScript error: http://10.69.60.85:8280/portal/CRMPortal/Consultas, line 1: ReferenceError: setIframeListeners is not defined
JavaScript error: http://10.69.60.85:8280/portal/CRMPortal/Consultas, line 1: ReferenceError: setIframeListeners is not defined
1644943574148	Marionette	INFO	Stopped listening on port 51866
Extension error: [Exception... "Component not initialized"  nsresult: "0xc1f30001 (NS_ERROR_NOT_INITIALIZED)"  location: "JS frame :: moz-extension://4f29c459-2301-46b2-b9de-71874966fe72/main.js :: connect :: line 12066"  data: no] undefined 12066
[[Exception stack
connect@moz-extension://4f29c459-2301-46b2-b9de-71874966fe72/main.js:12066:23
onPortDisconnected@moz-extension://4f29c459-2301-46b2-b9de-71874966fe72/main.js:20316:30
makeConnection/channel<@moz-extension://4f29c459-2301-46b2-b9de-71874966fe72/main.js:20289:136
handleDisconnect@moz-extension://4f29c459-2301-46b2-b9de-71874966fe72/main.js:12172:14
connect/</<@moz-extension://4f29c459-2301-46b2-b9de-71874966fe72/main.js:12052:63
Current stack
applySafeWithoutClone@resource://gre/modules/ExtensionCommon.jsm:606:13
addListener/asyncWithoutClone/<@resource://gre/modules/ExtensionCommon.jsm:2443:39
]]

###!!! [Child][RunMessage] Error: Channel closing: too late to send/recv, messages will be lost

feb 15, 2022 11:46:16 AM org.openqa.selenium.remote.DesiredCapabilities firefox
INFORMACIÓN: Using `new FirefoxOptions()` is preferred to `DesiredCapabilities.firefox()`
feb 15, 2022 11:46:16 AM org.openqa.selenium.remote.DesiredCapabilities firefox
INFORMACIÓN: Using `new FirefoxOptions()` is preferred to `DesiredCapabilities.firefox()`
1644943577062	geckodriver	INFO	Listening on 127.0.0.1:31385
1644943577515	mozrunner::runner	INFO	Running command: "C:\\Program Files\\Mozilla Firefox\\firefox.exe" "--marionette" "-foreground" "-no-remote" "-profile" "C:\\Users\\PROJEC~1\\AppData\\Local\\Temp\\rust_mozprofileLS9Usk"
1644943578006	addons.webextension.doh-rollout@mozilla.org	WARN	Loading extension 'doh-rollout@mozilla.org': Reading manifest: Invalid extension permission: networkStatus
1644943578028	addons.webextension.screenshots@mozilla.org	WARN	Loading extension 'screenshots@mozilla.org': Reading manifest: Invalid extension permission: mozillaAddons
1644943578028	addons.webextension.screenshots@mozilla.org	WARN	Loading extension 'screenshots@mozilla.org': Reading manifest: Invalid extension permission: telemetry
1644943578028	addons.webextension.screenshots@mozilla.org	WARN	Loading extension 'screenshots@mozilla.org': Reading manifest: Invalid extension permission: resource://pdf.js/
1644943578028	addons.webextension.screenshots@mozilla.org	WARN	Loading extension 'screenshots@mozilla.org': Reading manifest: Invalid extension permission: about:reader*
JavaScript error: resource://gre/modules/XULStore.jsm, line 66: Error: Can't find profile directory.
1644943579400	Marionette	INFO	Listening on port 51921
1644943579624	Marionette	WARN	TLS certificate errors will be ignored for this session
feb 15, 2022 11:46:19 AM org.openqa.selenium.remote.ProtocolHandshake createSession
INFORMACIÓN: Detected dialect: W3C
JavaScript error: http://10.69.60.85:8280/portal/scripts/3.8.16.Final-redhat-1/SHARED/bootstrap-min.js, line 7: Error: Script error for: SHARED/navigation
http://requirejs.org/docs/errors.html#scripterror
JavaScript error: http://10.69.60.85:8280/portal/scripts/3.8.16.Final-redhat-1/SHARED/bootstrap-min.js, line 7: Error: Script error for: SHARED/jquery
http://requirejs.org/docs/errors.html#scripterror
JavaScript error: http://10.69.60.85:8280/portal/scripts/3.8.16.Final-redhat-1/SHARED/bootstrap-min.js, line 7: Error: Script error for: SHARED/base
http://requirejs.org/docs/errors.html#scripterror
JavaScript warning: http://10.69.60.85:8280/portal/CRMPortal/Consultas?portal:windowState=normal&portal:componentId=gtnc323725e-6efe-4037-9f93-1bc06edfa941&portal:resourceID=/org.rf.res/org/richfaces/ui.pack.js&portal:cacheLevel=PAGE&portal:type=resource&portal:portletMode=view, line 10431: unreachable code after return statement
JavaScript warning: http://10.69.60.85:8280/portal/CRMPortal/Consultas?portal:windowState=normal&portal:componentId=gtnc323725e-6efe-4037-9f93-1bc06edfa941&portal:resourceID=/org.rf.res/org/richfaces/ui.pack.js&portal:cacheLevel=PAGE&portal:type=resource&portal:portletMode=view, line 10431: unreachable code after return statement
JavaScript error: http://10.69.60.85:8280/portal/CRMPortal/Consultas, line 1: ReferenceError: setIframeListeners is not defined
JavaScript warning: http://10.69.60.85:8280/portal/CRMPortal/Venta?portal:windowState=normal&portal:componentId=gtn1dfca009-52ed-45cd-a543-6660573bef81&portal:resourceID=/org.rf.res/org/richfaces/ui.pack.js&portal:cacheLevel=PAGE&portal:type=resource&portal:portletMode=view, line 10431: unreachable code after return statement
JavaScript warning: http://10.69.60.85:8280/portal/CRMPortal/Venta?portal:windowState=normal&portal:componentId=gtn1dfca009-52ed-45cd-a543-6660573bef81&portal:resourceID=/org.rf.res/org/richfaces/ui.pack.js&portal:cacheLevel=PAGE&portal:type=resource&portal:portletMode=view, line 10431: unreachable code after return statement
JavaScript error: http://10.69.60.85:8280/portal/CRMPortal/Venta, line 1: ReferenceError: setIframeListeners is not defined
JavaScript error: http://10.69.60.85:8280/portal/CRMPortal/Venta, line 1: ReferenceError: setIframeListeners is not defined
JavaScript error: http://10.69.60.85:8280/portal/CRMPortal/Venta, line 1: ReferenceError: setIframeListeners is not defined
1644943589003	Marionette	WARN	TimedPromise timed out after 500 ms: stacktrace:
bail@chrome://marionette/content/sync.js:237:64
JavaScript error: http://10.69.60.85:8280/portal/CRMPortal/Venta, line 1: ReferenceError: setIframeListeners is not defined
JavaScript warning: http://10.69.60.85:8280/portal/CRMPortal/Consultas?portal:windowState=normal&portal:componentId=gtnc323725e-6efe-4037-9f93-1bc06edfa941&portal:resourceID=/org.rf.res/org/richfaces/ui.pack.js&portal:cacheLevel=PAGE&portal:type=resource&portal:portletMode=view, line 10431: unreachable code after return statement
JavaScript warning: http://10.69.60.85:8280/portal/CRMPortal/Consultas?portal:windowState=normal&portal:componentId=gtnc323725e-6efe-4037-9f93-1bc06edfa941&portal:resourceID=/org.rf.res/org/richfaces/ui.pack.js&portal:cacheLevel=PAGE&portal:type=resource&portal:portletMode=view, line 10431: unreachable code after return statement
JavaScript error: http://10.69.60.85:8280/portal/CRMPortal/Consultas, line 1: ReferenceError: setIframeListeners is not defined
JavaScript error: http://10.69.60.85:8280/portal/CRMPortal/Consultas, line 1: ReferenceError: setIframeListeners is not defined
1644943652382	Marionette	INFO	Stopped listening on port 51921
Extension error: [Exception... "Component not initialized"  nsresult: "0xc1f30001 (NS_ERROR_NOT_INITIALIZED)"  location: "JS frame :: moz-extension://4170b647-e388-43f3-9780-b87dc3a1f162/main.js :: connect :: line 12066"  data: no] undefined 12066
[[Exception stack
connect@moz-extension://4170b647-e388-43f3-9780-b87dc3a1f162/main.js:12066:23
onPortDisconnected@moz-extension://4170b647-e388-43f3-9780-b87dc3a1f162/main.js:20316:30
makeConnection/channel<@moz-extension://4170b647-e388-43f3-9780-b87dc3a1f162/main.js:20289:136
handleDisconnect@moz-extension://4170b647-e388-43f3-9780-b87dc3a1f162/main.js:12172:14
connect/</<@moz-extension://4170b647-e388-43f3-9780-b87dc3a1f162/main.js:12052:63
Current stack
applySafeWithoutClone@resource://gre/modules/ExtensionCommon.jsm:606:13
addListener/asyncWithoutClone/<@resource://gre/modules/ExtensionCommon.jsm:2443:39
]]

###!!! [Child][RunMessage] Error: Channel closing: too late to send/recv, messages will be lost


###!!! [Child][MessageChannel::SendAndWait] Error: Channel error: cannot send/recv

]]></system-err>
</testsuite>
